{"/Users/guymargalith/Desktop/futureproof/week13/LAP4Project/frontend/src/serverUrl.js": {"path":"/Users/guymargalith/Desktop/futureproof/week13/LAP4Project/frontend/src/serverUrl.js","statementMap":{"0":{"start":{"line":1,"column":19},"end":{"line":1,"column":54}}},"fnMap":{},"branchMap":{},"s":{"0":11},"f":{},"b":{},"_coverageSchema":"1a1c01bbd47fc00a2c39e90264f33305004495a9","hash":"33df41af3bdb751ec49850f1bda8f466701cf797"}
,"/Users/guymargalith/Desktop/futureproof/week13/LAP4Project/frontend/src/components/index.js": {"path":"/Users/guymargalith/Desktop/futureproof/week13/LAP4Project/frontend/src/components/index.js","statementMap":{},"fnMap":{},"branchMap":{},"s":{},"f":{},"b":{},"_coverageSchema":"1a1c01bbd47fc00a2c39e90264f33305004495a9","hash":"d3451b05ed26be17002b5588ac633017586e7473"}
,"/Users/guymargalith/Desktop/futureproof/week13/LAP4Project/frontend/src/components/CompetitionListItem/index.js": {"path":"/Users/guymargalith/Desktop/futureproof/week13/LAP4Project/frontend/src/components/CompetitionListItem/index.js","statementMap":{"0":{"start":{"line":11,"column":19},"end":{"line":11,"column":32}},"1":{"start":{"line":13,"column":21},"end":{"line":13,"column":61}},"2":{"start":{"line":13,"column":44},"end":{"line":13,"column":60}},"3":{"start":{"line":14,"column":22},"end":{"line":14,"column":63}},"4":{"start":{"line":14,"column":45},"end":{"line":14,"column":62}},"5":{"start":{"line":16,"column":24},"end":{"line":16,"column":55}},"6":{"start":{"line":17,"column":2},"end":{"line":17,"column":88}},"7":{"start":{"line":19,"column":26},"end":{"line":41,"column":3}},"8":{"start":{"line":20,"column":4},"end":{"line":20,"column":23}},"9":{"start":{"line":21,"column":4},"end":{"line":40,"column":5}},"10":{"start":{"line":22,"column":33},"end":{"line":26,"column":7}},"11":{"start":{"line":27,"column":22},"end":{"line":34,"column":7}},"12":{"start":{"line":35,"column":23},"end":{"line":35,"column":61}},"13":{"start":{"line":36,"column":19},"end":{"line":36,"column":40}},"14":{"start":{"line":37,"column":6},"end":{"line":37,"column":54}},"15":{"start":{"line":39,"column":6},"end":{"line":39,"column":26}},"16":{"start":{"line":43,"column":2},"end":{"line":63,"column":4}},"17":{"start":{"line":50,"column":29},"end":{"line":50,"column":71}}},"fnMap":{"0":{"name":"CompetitionListItem","decl":{"start":{"line":10,"column":9},"end":{"line":10,"column":28}},"loc":{"start":{"line":10,"column":46},"end":{"line":64,"column":1}},"line":10},"1":{"name":"(anonymous_1)","decl":{"start":{"line":13,"column":33},"end":{"line":13,"column":34}},"loc":{"start":{"line":13,"column":44},"end":{"line":13,"column":60}},"line":13},"2":{"name":"(anonymous_2)","decl":{"start":{"line":14,"column":34},"end":{"line":14,"column":35}},"loc":{"start":{"line":14,"column":45},"end":{"line":14,"column":62}},"line":14},"3":{"name":"(anonymous_3)","decl":{"start":{"line":19,"column":26},"end":{"line":19,"column":27}},"loc":{"start":{"line":19,"column":39},"end":{"line":41,"column":3}},"line":19},"4":{"name":"(anonymous_4)","decl":{"start":{"line":50,"column":23},"end":{"line":50,"column":24}},"loc":{"start":{"line":50,"column":29},"end":{"line":50,"column":71}},"line":50}},"branchMap":{"0":{"loc":{"start":{"line":54,"column":13},"end":{"line":58,"column":13}},"type":"binary-expr","locations":[{"start":{"line":54,"column":13},"end":{"line":54,"column":23}},{"start":{"line":55,"column":14},"end":{"line":57,"column":23}}],"line":54}},"s":{"0":2,"1":2,"2":2,"3":2,"4":2,"5":2,"6":2,"7":2,"8":0,"9":0,"10":0,"11":0,"12":0,"13":0,"14":0,"15":0,"16":2,"17":0},"f":{"0":2,"1":2,"2":2,"3":0,"4":0},"b":{"0":[2,0]},"_coverageSchema":"1a1c01bbd47fc00a2c39e90264f33305004495a9","hash":"dbf725fc5b95ade65a7382d824752d08cf046357"}
,"/Users/guymargalith/Desktop/futureproof/week13/LAP4Project/frontend/src/components/LeaderboardItem/index.js": {"path":"/Users/guymargalith/Desktop/futureproof/week13/LAP4Project/frontend/src/components/LeaderboardItem/index.js","statementMap":{"0":{"start":{"line":5,"column":22},"end":{"line":5,"column":63}},"1":{"start":{"line":5,"column":45},"end":{"line":5,"column":62}},"2":{"start":{"line":7,"column":2},"end":{"line":12,"column":4}}},"fnMap":{"0":{"name":"LeaderboardItem","decl":{"start":{"line":4,"column":9},"end":{"line":4,"column":24}},"loc":{"start":{"line":4,"column":36},"end":{"line":13,"column":1}},"line":4},"1":{"name":"(anonymous_1)","decl":{"start":{"line":5,"column":34},"end":{"line":5,"column":35}},"loc":{"start":{"line":5,"column":45},"end":{"line":5,"column":62}},"line":5}},"branchMap":{"0":{"loc":{"start":{"line":8,"column":42},"end":{"line":8,"column":96}},"type":"cond-expr","locations":[{"start":{"line":8,"column":77},"end":{"line":8,"column":86}},{"start":{"line":8,"column":89},"end":{"line":8,"column":96}}],"line":8}},"s":{"0":1,"1":1,"2":1},"f":{"0":1,"1":1},"b":{"0":[0,1]},"_coverageSchema":"1a1c01bbd47fc00a2c39e90264f33305004495a9","hash":"0b33deb2a372188115d2aee3615b3b347a76bde1"}
,"/Users/guymargalith/Desktop/futureproof/week13/LAP4Project/frontend/src/components/NavBar/index.js": {"path":"/Users/guymargalith/Desktop/futureproof/week13/LAP4Project/frontend/src/components/NavBar/index.js","statementMap":{"0":{"start":{"line":20,"column":19},"end":{"line":20,"column":32}},"1":{"start":{"line":21,"column":19},"end":{"line":21,"column":32}},"2":{"start":{"line":22,"column":21},"end":{"line":22,"column":61}},"3":{"start":{"line":22,"column":44},"end":{"line":22,"column":60}},"4":{"start":{"line":25,"column":2},"end":{"line":120,"column":4}},"5":{"start":{"line":103,"column":16},"end":{"line":103,"column":35}},"6":{"start":{"line":104,"column":16},"end":{"line":104,"column":49}}},"fnMap":{"0":{"name":"NavBar","decl":{"start":{"line":19,"column":9},"end":{"line":19,"column":15}},"loc":{"start":{"line":19,"column":18},"end":{"line":121,"column":1}},"line":19},"1":{"name":"(anonymous_1)","decl":{"start":{"line":22,"column":33},"end":{"line":22,"column":34}},"loc":{"start":{"line":22,"column":44},"end":{"line":22,"column":60}},"line":22},"2":{"name":"(anonymous_2)","decl":{"start":{"line":102,"column":23},"end":{"line":102,"column":24}},"loc":{"start":{"line":102,"column":29},"end":{"line":105,"column":15}},"line":102}},"branchMap":{"0":{"loc":{"start":{"line":74,"column":9},"end":{"line":117,"column":9}},"type":"binary-expr","locations":[{"start":{"line":74,"column":9},"end":{"line":74,"column":19}},{"start":{"line":75,"column":10},"end":{"line":116,"column":13}}],"line":74}},"s":{"0":15,"1":15,"2":15,"3":16,"4":15,"5":0,"6":0},"f":{"0":15,"1":16,"2":0},"b":{"0":[15,0]},"_coverageSchema":"1a1c01bbd47fc00a2c39e90264f33305004495a9","hash":"d3b00f08b1f3c5a094ba9491a868c46fd40e5f9b"}
,"/Users/guymargalith/Desktop/futureproof/week13/LAP4Project/frontend/src/pages/index.js": {"path":"/Users/guymargalith/Desktop/futureproof/week13/LAP4Project/frontend/src/pages/index.js","statementMap":{},"fnMap":{},"branchMap":{},"s":{},"f":{},"b":{},"_coverageSchema":"1a1c01bbd47fc00a2c39e90264f33305004495a9","hash":"fe98444a0fd8a08114c978d58cfd29cd13441d9e"}
,"/Users/guymargalith/Desktop/futureproof/week13/LAP4Project/frontend/src/pages/About/index.js": {"path":"/Users/guymargalith/Desktop/futureproof/week13/LAP4Project/frontend/src/pages/About/index.js","statementMap":{"0":{"start":{"line":6,"column":2},"end":{"line":23,"column":4}}},"fnMap":{"0":{"name":"About","decl":{"start":{"line":5,"column":9},"end":{"line":5,"column":14}},"loc":{"start":{"line":5,"column":17},"end":{"line":24,"column":1}},"line":5}},"branchMap":{},"s":{"0":1},"f":{"0":1},"b":{},"_coverageSchema":"1a1c01bbd47fc00a2c39e90264f33305004495a9","hash":"e5bcb9a63ee6c7e414fb9ced63e0e03354977c5e"}
,"/Users/guymargalith/Desktop/futureproof/week13/LAP4Project/frontend/src/pages/CompetitionLeaderboard/index.js": {"path":"/Users/guymargalith/Desktop/futureproof/week13/LAP4Project/frontend/src/pages/CompetitionLeaderboard/index.js","statementMap":{"0":{"start":{"line":10,"column":40},"end":{"line":10,"column":52}},"1":{"start":{"line":11,"column":40},"end":{"line":11,"column":52}},"2":{"start":{"line":12,"column":44},"end":{"line":12,"column":59}},"3":{"start":{"line":13,"column":36},"end":{"line":13,"column":51}},"4":{"start":{"line":14,"column":48},"end":{"line":17,"column":4}},"5":{"start":{"line":18,"column":56},"end":{"line":18,"column":71}},"6":{"start":{"line":20,"column":19},"end":{"line":20,"column":32}},"7":{"start":{"line":22,"column":21},"end":{"line":22,"column":61}},"8":{"start":{"line":22,"column":44},"end":{"line":22,"column":60}},"9":{"start":{"line":23,"column":22},"end":{"line":23,"column":63}},"10":{"start":{"line":23,"column":45},"end":{"line":23,"column":62}},"11":{"start":{"line":25,"column":21},"end":{"line":25,"column":32}},"12":{"start":{"line":26,"column":16},"end":{"line":26,"column":26}},"13":{"start":{"line":27,"column":22},"end":{"line":27,"column":56}},"14":{"start":{"line":29,"column":29},"end":{"line":44,"column":3}},"15":{"start":{"line":31,"column":4},"end":{"line":43,"column":5}},"16":{"start":{"line":32,"column":23},"end":{"line":32,"column":79}},"17":{"start":{"line":33,"column":6},"end":{"line":39,"column":7}},"18":{"start":{"line":34,"column":8},"end":{"line":34,"column":27}},"19":{"start":{"line":35,"column":8},"end":{"line":35,"column":15}},"20":{"start":{"line":37,"column":21},"end":{"line":37,"column":42}},"21":{"start":{"line":38,"column":8},"end":{"line":38,"column":20}},"22":{"start":{"line":41,"column":6},"end":{"line":41,"column":34}},"23":{"start":{"line":42,"column":6},"end":{"line":42,"column":25}},"24":{"start":{"line":46,"column":25},"end":{"line":69,"column":3}},"25":{"start":{"line":48,"column":4},"end":{"line":68,"column":5}},"26":{"start":{"line":49,"column":22},"end":{"line":53,"column":7}},"27":{"start":{"line":54,"column":23},"end":{"line":57,"column":7}},"28":{"start":{"line":58,"column":6},"end":{"line":64,"column":7}},"29":{"start":{"line":59,"column":8},"end":{"line":59,"column":27}},"30":{"start":{"line":60,"column":8},"end":{"line":60,"column":15}},"31":{"start":{"line":62,"column":21},"end":{"line":62,"column":42}},"32":{"start":{"line":63,"column":8},"end":{"line":63,"column":20}},"33":{"start":{"line":66,"column":6},"end":{"line":66,"column":25}},"34":{"start":{"line":67,"column":6},"end":{"line":67,"column":25}},"35":{"start":{"line":71,"column":22},"end":{"line":82,"column":3}},"36":{"start":{"line":72,"column":20},"end":{"line":76,"column":5}},"37":{"start":{"line":77,"column":21},"end":{"line":77,"column":64}},"38":{"start":{"line":78,"column":17},"end":{"line":78,"column":38}},"39":{"start":{"line":79,"column":4},"end":{"line":79,"column":22}},"40":{"start":{"line":80,"column":4},"end":{"line":80,"column":29}},"41":{"start":{"line":81,"column":4},"end":{"line":81,"column":16}},"42":{"start":{"line":84,"column":28},"end":{"line":87,"column":3}},"43":{"start":{"line":85,"column":4},"end":{"line":85,"column":23}},"44":{"start":{"line":86,"column":4},"end":{"line":86,"column":66}},"45":{"start":{"line":89,"column":32},"end":{"line":93,"column":3}},"46":{"start":{"line":90,"column":4},"end":{"line":90,"column":23}},"47":{"start":{"line":91,"column":21},"end":{"line":91,"column":51}},"48":{"start":{"line":92,"column":4},"end":{"line":92,"column":73}},"49":{"start":{"line":95,"column":2},"end":{"line":100,"column":24}},"50":{"start":{"line":97,"column":19},"end":{"line":97,"column":41}},"51":{"start":{"line":99,"column":4},"end":{"line":99,"column":27}},"52":{"start":{"line":102,"column":2},"end":{"line":117,"column":9}},"53":{"start":{"line":103,"column":19},"end":{"line":103,"column":41}},"54":{"start":{"line":104,"column":4},"end":{"line":116,"column":5}},"55":{"start":{"line":105,"column":6},"end":{"line":105,"column":29}},"56":{"start":{"line":106,"column":6},"end":{"line":108,"column":7}},"57":{"start":{"line":107,"column":8},"end":{"line":107,"column":31}},"58":{"start":{"line":109,"column":24},"end":{"line":111,"column":7}},"59":{"start":{"line":110,"column":19},"end":{"line":110,"column":51}},"60":{"start":{"line":112,"column":6},"end":{"line":115,"column":7}},"61":{"start":{"line":113,"column":8},"end":{"line":113,"column":37}},"62":{"start":{"line":114,"column":8},"end":{"line":114,"column":41}},"63":{"start":{"line":119,"column":29},"end":{"line":123,"column":8}},"64":{"start":{"line":121,"column":8},"end":{"line":121,"column":56}},"65":{"start":{"line":127,"column":26},"end":{"line":149,"column":3}},"66":{"start":{"line":128,"column":4},"end":{"line":128,"column":23}},"67":{"start":{"line":129,"column":4},"end":{"line":148,"column":5}},"68":{"start":{"line":130,"column":33},"end":{"line":134,"column":7}},"69":{"start":{"line":135,"column":22},"end":{"line":142,"column":7}},"70":{"start":{"line":143,"column":23},"end":{"line":143,"column":60}},"71":{"start":{"line":144,"column":19},"end":{"line":144,"column":40}},"72":{"start":{"line":145,"column":6},"end":{"line":145,"column":54}},"73":{"start":{"line":147,"column":6},"end":{"line":147,"column":26}},"74":{"start":{"line":150,"column":2},"end":{"line":220,"column":4}},"75":{"start":{"line":216,"column":33},"end":{"line":216,"column":51}}},"fnMap":{"0":{"name":"CompetitionLeaderboard","decl":{"start":{"line":9,"column":9},"end":{"line":9,"column":31}},"loc":{"start":{"line":9,"column":34},"end":{"line":221,"column":1}},"line":9},"1":{"name":"(anonymous_1)","decl":{"start":{"line":22,"column":33},"end":{"line":22,"column":34}},"loc":{"start":{"line":22,"column":44},"end":{"line":22,"column":60}},"line":22},"2":{"name":"(anonymous_2)","decl":{"start":{"line":23,"column":34},"end":{"line":23,"column":35}},"loc":{"start":{"line":23,"column":45},"end":{"line":23,"column":62}},"line":23},"3":{"name":"(anonymous_3)","decl":{"start":{"line":29,"column":29},"end":{"line":29,"column":30}},"loc":{"start":{"line":29,"column":41},"end":{"line":44,"column":3}},"line":29},"4":{"name":"(anonymous_4)","decl":{"start":{"line":46,"column":25},"end":{"line":46,"column":26}},"loc":{"start":{"line":46,"column":37},"end":{"line":69,"column":3}},"line":46},"5":{"name":"(anonymous_5)","decl":{"start":{"line":71,"column":22},"end":{"line":71,"column":23}},"loc":{"start":{"line":71,"column":43},"end":{"line":82,"column":3}},"line":71},"6":{"name":"(anonymous_6)","decl":{"start":{"line":84,"column":28},"end":{"line":84,"column":29}},"loc":{"start":{"line":84,"column":41},"end":{"line":87,"column":3}},"line":84},"7":{"name":"(anonymous_7)","decl":{"start":{"line":89,"column":32},"end":{"line":89,"column":33}},"loc":{"start":{"line":89,"column":45},"end":{"line":93,"column":3}},"line":89},"8":{"name":"(anonymous_8)","decl":{"start":{"line":95,"column":12},"end":{"line":95,"column":13}},"loc":{"start":{"line":95,"column":24},"end":{"line":100,"column":3}},"line":95},"9":{"name":"(anonymous_9)","decl":{"start":{"line":102,"column":12},"end":{"line":102,"column":13}},"loc":{"start":{"line":102,"column":24},"end":{"line":117,"column":3}},"line":102},"10":{"name":"(anonymous_10)","decl":{"start":{"line":110,"column":8},"end":{"line":110,"column":9}},"loc":{"start":{"line":110,"column":19},"end":{"line":110,"column":51}},"line":110},"11":{"name":"(anonymous_11)","decl":{"start":{"line":120,"column":29},"end":{"line":120,"column":30}},"loc":{"start":{"line":121,"column":8},"end":{"line":121,"column":56}},"line":121},"12":{"name":"(anonymous_12)","decl":{"start":{"line":127,"column":26},"end":{"line":127,"column":27}},"loc":{"start":{"line":127,"column":39},"end":{"line":149,"column":3}},"line":127},"13":{"name":"(anonymous_13)","decl":{"start":{"line":216,"column":27},"end":{"line":216,"column":28}},"loc":{"start":{"line":216,"column":33},"end":{"line":216,"column":51}},"line":216}},"branchMap":{"0":{"loc":{"start":{"line":33,"column":6},"end":{"line":39,"column":7}},"type":"if","locations":[{"start":{"line":33,"column":6},"end":{"line":39,"column":7}},{"start":{"line":36,"column":13},"end":{"line":39,"column":7}}],"line":33},"1":{"loc":{"start":{"line":58,"column":6},"end":{"line":64,"column":7}},"type":"if","locations":[{"start":{"line":58,"column":6},"end":{"line":64,"column":7}},{"start":{"line":61,"column":13},"end":{"line":64,"column":7}}],"line":58},"2":{"loc":{"start":{"line":104,"column":4},"end":{"line":116,"column":5}},"type":"if","locations":[{"start":{"line":104,"column":4},"end":{"line":116,"column":5}},{"start":{},"end":{}}],"line":104},"3":{"loc":{"start":{"line":106,"column":6},"end":{"line":108,"column":7}},"type":"if","locations":[{"start":{"line":106,"column":6},"end":{"line":108,"column":7}},{"start":{},"end":{}}],"line":106},"4":{"loc":{"start":{"line":112,"column":6},"end":{"line":115,"column":7}},"type":"if","locations":[{"start":{"line":112,"column":6},"end":{"line":115,"column":7}},{"start":{},"end":{}}],"line":112},"5":{"loc":{"start":{"line":119,"column":29},"end":{"line":123,"column":8}},"type":"cond-expr","locations":[{"start":{"line":120,"column":6},"end":{"line":122,"column":8}},{"start":{"line":123,"column":6},"end":{"line":123,"column":8}}],"line":119},"6":{"loc":{"start":{"line":153,"column":7},"end":{"line":212,"column":7}},"type":"binary-expr","locations":[{"start":{"line":153,"column":7},"end":{"line":153,"column":17}},{"start":{"line":154,"column":8},"end":{"line":211,"column":11}}],"line":153},"7":{"loc":{"start":{"line":155,"column":11},"end":{"line":210,"column":11}},"type":"cond-expr","locations":[{"start":{"line":156,"column":12},"end":{"line":156,"column":62}},{"start":{"line":158,"column":12},"end":{"line":209,"column":15}}],"line":155},"8":{"loc":{"start":{"line":162,"column":15},"end":{"line":202,"column":15}},"type":"cond-expr","locations":[{"start":{"line":163,"column":16},"end":{"line":199,"column":19}},{"start":{"line":201,"column":16},"end":{"line":201,"column":75}}],"line":162},"9":{"loc":{"start":{"line":164,"column":19},"end":{"line":186,"column":19}},"type":"binary-expr","locations":[{"start":{"line":164,"column":19},"end":{"line":164,"column":48}},{"start":{"line":165,"column":20},"end":{"line":185,"column":23}}],"line":164},"10":{"loc":{"start":{"line":166,"column":23},"end":{"line":184,"column":23}},"type":"cond-expr","locations":[{"start":{"line":167,"column":24},"end":{"line":167,"column":71}},{"start":{"line":169,"column":24},"end":{"line":183,"column":27}}],"line":166},"11":{"loc":{"start":{"line":187,"column":19},"end":{"line":198,"column":19}},"type":"binary-expr","locations":[{"start":{"line":187,"column":19},"end":{"line":187,"column":48}},{"start":{"line":188,"column":20},"end":{"line":197,"column":23}}],"line":187},"12":{"loc":{"start":{"line":204,"column":15},"end":{"line":208,"column":15}},"type":"cond-expr","locations":[{"start":{"line":205,"column":16},"end":{"line":205,"column":45}},{"start":{"line":207,"column":16},"end":{"line":207,"column":43}}],"line":204},"13":{"loc":{"start":{"line":213,"column":7},"end":{"line":218,"column":7}},"type":"binary-expr","locations":[{"start":{"line":213,"column":7},"end":{"line":213,"column":18}},{"start":{"line":214,"column":8},"end":{"line":217,"column":11}}],"line":213}},"s":{"0":5,"1":4,"2":4,"3":4,"4":4,"5":4,"6":4,"7":4,"8":4,"9":4,"10":4,"11":4,"12":4,"13":4,"14":4,"15":0,"16":0,"17":0,"18":0,"19":0,"20":0,"21":0,"22":0,"23":0,"24":4,"25":2,"26":2,"27":2,"28":2,"29":2,"30":2,"31":0,"32":0,"33":0,"34":0,"35":4,"36":0,"37":0,"38":0,"39":0,"40":0,"41":0,"42":4,"43":0,"44":0,"45":4,"46":0,"47":0,"48":0,"49":4,"50":1,"51":1,"52":4,"53":1,"54":1,"55":0,"56":0,"57":0,"58":0,"59":0,"60":0,"61":0,"62":0,"63":4,"64":0,"65":4,"66":0,"67":0,"68":0,"69":0,"70":0,"71":0,"72":0,"73":0,"74":4,"75":0},"f":{"0":5,"1":4,"2":4,"3":0,"4":2,"5":0,"6":0,"7":0,"8":1,"9":1,"10":0,"11":0,"12":0,"13":0},"b":{"0":[0,0],"1":[2,0],"2":[0,1],"3":[0,0],"4":[0,0],"5":[0,4],"6":[4,0],"7":[0,0],"8":[0,0],"9":[0,0],"10":[0,0],"11":[0,0],"12":[0,0],"13":[4,4]},"_coverageSchema":"1a1c01bbd47fc00a2c39e90264f33305004495a9","hash":"5f46bf72955b77c325604e66ef372abfa419fb94"}
,"/Users/guymargalith/Desktop/futureproof/week13/LAP4Project/frontend/src/pages/CompetitionList/index.js": {"path":"/Users/guymargalith/Desktop/futureproof/week13/LAP4Project/frontend/src/pages/CompetitionList/index.js","statementMap":{"0":{"start":{"line":11,"column":21},"end":{"line":11,"column":61}},"1":{"start":{"line":11,"column":44},"end":{"line":11,"column":60}},"2":{"start":{"line":12,"column":42},"end":{"line":12,"column":54}},"3":{"start":{"line":14,"column":4},"end":{"line":17,"column":6}},"4":{"start":{"line":19,"column":28},"end":{"line":27,"column":3}},"5":{"start":{"line":20,"column":4},"end":{"line":26,"column":5}},"6":{"start":{"line":21,"column":23},"end":{"line":21,"column":64}},"7":{"start":{"line":22,"column":19},"end":{"line":22,"column":40}},"8":{"start":{"line":23,"column":6},"end":{"line":23,"column":18}},"9":{"start":{"line":25,"column":6},"end":{"line":25,"column":25}},"10":{"start":{"line":29,"column":23},"end":{"line":35,"column":3}},"11":{"start":{"line":30,"column":4},"end":{"line":34,"column":5}},"12":{"start":{"line":31,"column":6},"end":{"line":31,"column":38}},"13":{"start":{"line":33,"column":6},"end":{"line":33,"column":29}},"14":{"start":{"line":37,"column":2},"end":{"line":40,"column":9}},"15":{"start":{"line":38,"column":18},"end":{"line":38,"column":43}},"16":{"start":{"line":39,"column":4},"end":{"line":39,"column":27}},"17":{"start":{"line":42,"column":19},"end":{"line":42,"column":32}},"18":{"start":{"line":44,"column":19},"end":{"line":50,"column":3}},"19":{"start":{"line":46,"column":6},"end":{"line":46,"column":62}},"20":{"start":{"line":51,"column":2},"end":{"line":82,"column":4}},"21":{"start":{"line":62,"column":55},"end":{"line":62,"column":73}}},"fnMap":{"0":{"name":"CompetitionList","decl":{"start":{"line":10,"column":9},"end":{"line":10,"column":24}},"loc":{"start":{"line":10,"column":27},"end":{"line":83,"column":1}},"line":10},"1":{"name":"(anonymous_1)","decl":{"start":{"line":11,"column":33},"end":{"line":11,"column":34}},"loc":{"start":{"line":11,"column":44},"end":{"line":11,"column":60}},"line":11},"2":{"name":"(anonymous_2)","decl":{"start":{"line":19,"column":28},"end":{"line":19,"column":29}},"loc":{"start":{"line":19,"column":40},"end":{"line":27,"column":3}},"line":19},"3":{"name":"(anonymous_3)","decl":{"start":{"line":29,"column":23},"end":{"line":29,"column":24}},"loc":{"start":{"line":29,"column":30},"end":{"line":35,"column":3}},"line":29},"4":{"name":"(anonymous_4)","decl":{"start":{"line":37,"column":12},"end":{"line":37,"column":13}},"loc":{"start":{"line":37,"column":24},"end":{"line":40,"column":3}},"line":37},"5":{"name":"(anonymous_5)","decl":{"start":{"line":45,"column":21},"end":{"line":45,"column":22}},"loc":{"start":{"line":46,"column":6},"end":{"line":46,"column":62}},"line":46},"6":{"name":"(anonymous_6)","decl":{"start":{"line":62,"column":49},"end":{"line":62,"column":50}},"loc":{"start":{"line":62,"column":55},"end":{"line":62,"column":73}},"line":62}},"branchMap":{"0":{"loc":{"start":{"line":30,"column":4},"end":{"line":34,"column":5}},"type":"if","locations":[{"start":{"line":30,"column":4},"end":{"line":34,"column":5}},{"start":{"line":32,"column":11},"end":{"line":34,"column":5}}],"line":30},"1":{"loc":{"start":{"line":44,"column":19},"end":{"line":50,"column":3}},"type":"cond-expr","locations":[{"start":{"line":45,"column":4},"end":{"line":47,"column":6}},{"start":{"line":49,"column":4},"end":{"line":49,"column":9}}],"line":44},"2":{"loc":{"start":{"line":73,"column":7},"end":{"line":80,"column":7}},"type":"cond-expr","locations":[{"start":{"line":74,"column":8},"end":{"line":74,"column":16}},{"start":{"line":76,"column":8},"end":{"line":79,"column":12}}],"line":73}},"s":{"0":3,"1":2,"2":2,"3":2,"4":2,"5":1,"6":1,"7":1,"8":1,"9":0,"10":2,"11":0,"12":0,"13":0,"14":2,"15":1,"16":1,"17":2,"18":2,"19":1,"20":2,"21":0},"f":{"0":3,"1":2,"2":1,"3":0,"4":1,"5":1,"6":0},"b":{"0":[0,0],"1":[1,1],"2":[1,1]},"_coverageSchema":"1a1c01bbd47fc00a2c39e90264f33305004495a9","hash":"839e00777410980a9c0667cf22a8a5efe6aff65d"}
,"/Users/guymargalith/Desktop/futureproof/week13/LAP4Project/frontend/src/pages/CreateCompetition/index.js": {"path":"/Users/guymargalith/Desktop/futureproof/week13/LAP4Project/frontend/src/pages/CreateCompetition/index.js","statementMap":{"0":{"start":{"line":11,"column":53},"end":{"line":14,"column":4}},"1":{"start":{"line":15,"column":65},"end":{"line":18,"column":3}},"2":{"start":{"line":19,"column":22},"end":{"line":19,"column":63}},"3":{"start":{"line":19,"column":45},"end":{"line":19,"column":62}},"4":{"start":{"line":20,"column":19},"end":{"line":20,"column":32}},"5":{"start":{"line":22,"column":27},"end":{"line":45,"column":3}},"6":{"start":{"line":23,"column":4},"end":{"line":23,"column":23}},"7":{"start":{"line":24,"column":4},"end":{"line":44,"column":5}},"8":{"start":{"line":25,"column":25},"end":{"line":25,"column":67}},"9":{"start":{"line":26,"column":6},"end":{"line":26,"column":44}},"10":{"start":{"line":27,"column":6},"end":{"line":27,"column":45}},"11":{"start":{"line":28,"column":6},"end":{"line":28,"column":40}},"12":{"start":{"line":29,"column":6},"end":{"line":29,"column":66}},"13":{"start":{"line":30,"column":22},"end":{"line":38,"column":7}},"14":{"start":{"line":39,"column":23},"end":{"line":39,"column":67}},"15":{"start":{"line":40,"column":19},"end":{"line":40,"column":40}},"16":{"start":{"line":41,"column":6},"end":{"line":41,"column":42}},"17":{"start":{"line":43,"column":6},"end":{"line":43,"column":25}},"18":{"start":{"line":47,"column":2},"end":{"line":97,"column":4}}},"fnMap":{"0":{"name":"CreateCompetition","decl":{"start":{"line":10,"column":9},"end":{"line":10,"column":26}},"loc":{"start":{"line":10,"column":29},"end":{"line":98,"column":1}},"line":10},"1":{"name":"(anonymous_1)","decl":{"start":{"line":19,"column":34},"end":{"line":19,"column":35}},"loc":{"start":{"line":19,"column":45},"end":{"line":19,"column":62}},"line":19},"2":{"name":"(anonymous_2)","decl":{"start":{"line":22,"column":27},"end":{"line":22,"column":28}},"loc":{"start":{"line":22,"column":40},"end":{"line":45,"column":3}},"line":22}},"branchMap":{},"s":{"0":1,"1":1,"2":1,"3":1,"4":1,"5":1,"6":0,"7":0,"8":0,"9":0,"10":0,"11":0,"12":0,"13":0,"14":0,"15":0,"16":0,"17":0,"18":1},"f":{"0":1,"1":1,"2":0},"b":{},"_coverageSchema":"1a1c01bbd47fc00a2c39e90264f33305004495a9","hash":"223fed9e7d5fad3c11f2664d1c201ade3ac74e64"}
,"/Users/guymargalith/Desktop/futureproof/week13/LAP4Project/frontend/src/pages/EditProfile/index.js": {"path":"/Users/guymargalith/Desktop/futureproof/week13/LAP4Project/frontend/src/pages/EditProfile/index.js","statementMap":{"0":{"start":{"line":9,"column":22},"end":{"line":9,"column":63}},"1":{"start":{"line":9,"column":45},"end":{"line":9,"column":62}},"2":{"start":{"line":11,"column":19},"end":{"line":11,"column":32}},"3":{"start":{"line":12,"column":27},"end":{"line":37,"column":3}},"4":{"start":{"line":13,"column":4},"end":{"line":13,"column":23}},"5":{"start":{"line":15,"column":17},"end":{"line":15,"column":25}},"6":{"start":{"line":17,"column":4},"end":{"line":36,"column":5}},"7":{"start":{"line":18,"column":6},"end":{"line":18,"column":53}},"8":{"start":{"line":20,"column":6},"end":{"line":35,"column":7}},"9":{"start":{"line":21,"column":24},"end":{"line":28,"column":9}},"10":{"start":{"line":29,"column":25},"end":{"line":29,"column":67}},"11":{"start":{"line":30,"column":21},"end":{"line":30,"column":42}},"12":{"start":{"line":32,"column":8},"end":{"line":32,"column":48}},"13":{"start":{"line":34,"column":8},"end":{"line":34,"column":28}},"14":{"start":{"line":41,"column":2},"end":{"line":55,"column":4}}},"fnMap":{"0":{"name":"EditProfile","decl":{"start":{"line":8,"column":9},"end":{"line":8,"column":20}},"loc":{"start":{"line":8,"column":23},"end":{"line":56,"column":1}},"line":8},"1":{"name":"(anonymous_1)","decl":{"start":{"line":9,"column":34},"end":{"line":9,"column":35}},"loc":{"start":{"line":9,"column":45},"end":{"line":9,"column":62}},"line":9},"2":{"name":"(anonymous_2)","decl":{"start":{"line":12,"column":27},"end":{"line":12,"column":28}},"loc":{"start":{"line":12,"column":40},"end":{"line":37,"column":3}},"line":12}},"branchMap":{"0":{"loc":{"start":{"line":17,"column":4},"end":{"line":36,"column":5}},"type":"if","locations":[{"start":{"line":17,"column":4},"end":{"line":36,"column":5}},{"start":{"line":19,"column":11},"end":{"line":36,"column":5}}],"line":17}},"s":{"0":1,"1":1,"2":1,"3":1,"4":0,"5":0,"6":0,"7":0,"8":0,"9":0,"10":0,"11":0,"12":0,"13":0,"14":1},"f":{"0":1,"1":1,"2":0},"b":{"0":[0,0]},"_coverageSchema":"1a1c01bbd47fc00a2c39e90264f33305004495a9","hash":"cfac805fc968ba3d666ec4a12bd1331ff9b1feed"}
,"/Users/guymargalith/Desktop/futureproof/week13/LAP4Project/frontend/src/pages/Home/index.js": {"path":"/Users/guymargalith/Desktop/futureproof/week13/LAP4Project/frontend/src/pages/Home/index.js","statementMap":{"0":{"start":{"line":7,"column":19},"end":{"line":7,"column":32}},"1":{"start":{"line":9,"column":2},"end":{"line":35,"column":4}},"2":{"start":{"line":20,"column":25},"end":{"line":20,"column":43}},"3":{"start":{"line":29,"column":25},"end":{"line":29,"column":46}}},"fnMap":{"0":{"name":"Home","decl":{"start":{"line":6,"column":9},"end":{"line":6,"column":13}},"loc":{"start":{"line":6,"column":16},"end":{"line":36,"column":1}},"line":6},"1":{"name":"(anonymous_1)","decl":{"start":{"line":20,"column":19},"end":{"line":20,"column":20}},"loc":{"start":{"line":20,"column":25},"end":{"line":20,"column":43}},"line":20},"2":{"name":"(anonymous_2)","decl":{"start":{"line":29,"column":19},"end":{"line":29,"column":20}},"loc":{"start":{"line":29,"column":25},"end":{"line":29,"column":46}},"line":29}},"branchMap":{},"s":{"0":2,"1":1,"2":0,"3":0},"f":{"0":2,"1":0,"2":0},"b":{},"_coverageSchema":"1a1c01bbd47fc00a2c39e90264f33305004495a9","hash":"2db0d87b8b3e33e4c007339c3c25041c80ec58b1"}
,"/Users/guymargalith/Desktop/futureproof/week13/LAP4Project/frontend/src/pages/Login/index.js": {"path":"/Users/guymargalith/Desktop/futureproof/week13/LAP4Project/frontend/src/pages/Login/index.js","statementMap":{"0":{"start":{"line":11,"column":34},"end":{"line":11,"column":44}},"1":{"start":{"line":12,"column":34},"end":{"line":12,"column":44}},"2":{"start":{"line":13,"column":19},"end":{"line":13,"column":32}},"3":{"start":{"line":14,"column":19},"end":{"line":14,"column":32}},"4":{"start":{"line":40,"column":27},"end":{"line":70,"column":3}},"5":{"start":{"line":41,"column":4},"end":{"line":41,"column":23}},"6":{"start":{"line":42,"column":17},"end":{"line":42,"column":25}},"7":{"start":{"line":43,"column":4},"end":{"line":69,"column":5}},"8":{"start":{"line":44,"column":24},"end":{"line":47,"column":7}},"9":{"start":{"line":48,"column":22},"end":{"line":52,"column":7}},"10":{"start":{"line":53,"column":23},"end":{"line":53,"column":60}},"11":{"start":{"line":54,"column":19},"end":{"line":54,"column":40}},"12":{"start":{"line":55,"column":6},"end":{"line":55,"column":38}},"13":{"start":{"line":57,"column":6},"end":{"line":64,"column":7}},"14":{"start":{"line":58,"column":8},"end":{"line":61,"column":11}},"15":{"start":{"line":63,"column":8},"end":{"line":63,"column":35}},"16":{"start":{"line":68,"column":6},"end":{"line":68,"column":26}},"17":{"start":{"line":72,"column":2},"end":{"line":94,"column":4}},"18":{"start":{"line":90,"column":31},"end":{"line":90,"column":52}}},"fnMap":{"0":{"name":"Login","decl":{"start":{"line":10,"column":9},"end":{"line":10,"column":14}},"loc":{"start":{"line":10,"column":17},"end":{"line":95,"column":1}},"line":10},"1":{"name":"(anonymous_1)","decl":{"start":{"line":40,"column":27},"end":{"line":40,"column":28}},"loc":{"start":{"line":40,"column":40},"end":{"line":70,"column":3}},"line":40},"2":{"name":"(anonymous_2)","decl":{"start":{"line":90,"column":25},"end":{"line":90,"column":26}},"loc":{"start":{"line":90,"column":31},"end":{"line":90,"column":52}},"line":90}},"branchMap":{"0":{"loc":{"start":{"line":57,"column":6},"end":{"line":64,"column":7}},"type":"if","locations":[{"start":{"line":57,"column":6},"end":{"line":64,"column":7}},{"start":{"line":62,"column":13},"end":{"line":64,"column":7}}],"line":57}},"s":{"0":3,"1":2,"2":2,"3":2,"4":2,"5":1,"6":1,"7":1,"8":1,"9":1,"10":1,"11":1,"12":1,"13":1,"14":1,"15":0,"16":0,"17":2,"18":0},"f":{"0":3,"1":1,"2":0},"b":{"0":[1,0]},"_coverageSchema":"1a1c01bbd47fc00a2c39e90264f33305004495a9","hash":"55124adf68bb1bc5af6ffe8102f4d4aaefab0fb1"}
,"/Users/guymargalith/Desktop/futureproof/week13/LAP4Project/frontend/src/pages/Profile/index.js": {"path":"/Users/guymargalith/Desktop/futureproof/week13/LAP4Project/frontend/src/pages/Profile/index.js","statementMap":{"0":{"start":{"line":11,"column":22},"end":{"line":11,"column":63}},"1":{"start":{"line":11,"column":45},"end":{"line":11,"column":62}},"2":{"start":{"line":12,"column":40},"end":{"line":12,"column":50}},"3":{"start":{"line":28,"column":2},"end":{"line":51,"column":4}}},"fnMap":{"0":{"name":"Profile","decl":{"start":{"line":10,"column":9},"end":{"line":10,"column":16}},"loc":{"start":{"line":10,"column":19},"end":{"line":52,"column":1}},"line":10},"1":{"name":"(anonymous_1)","decl":{"start":{"line":11,"column":34},"end":{"line":11,"column":35}},"loc":{"start":{"line":11,"column":45},"end":{"line":11,"column":62}},"line":11}},"branchMap":{},"s":{"0":1,"1":1,"2":1,"3":1},"f":{"0":1,"1":1},"b":{},"_coverageSchema":"1a1c01bbd47fc00a2c39e90264f33305004495a9","hash":"bafa6a0c35aa4d347ac4631f781c63da0cbb983c"}
,"/Users/guymargalith/Desktop/futureproof/week13/LAP4Project/frontend/src/pages/Register/index.js": {"path":"/Users/guymargalith/Desktop/futureproof/week13/LAP4Project/frontend/src/pages/Register/index.js","statementMap":{"0":{"start":{"line":11,"column":28},"end":{"line":11,"column":40}},"1":{"start":{"line":13,"column":19},"end":{"line":13,"column":32}},"2":{"start":{"line":14,"column":19},"end":{"line":14,"column":32}},"3":{"start":{"line":16,"column":27},"end":{"line":58,"column":3}},"4":{"start":{"line":17,"column":4},"end":{"line":17,"column":23}},"5":{"start":{"line":19,"column":4},"end":{"line":57,"column":5}},"6":{"start":{"line":20,"column":6},"end":{"line":20,"column":53}},"7":{"start":{"line":22,"column":6},"end":{"line":56,"column":7}},"8":{"start":{"line":23,"column":25},"end":{"line":27,"column":9}},"9":{"start":{"line":29,"column":24},"end":{"line":33,"column":9}},"10":{"start":{"line":35,"column":25},"end":{"line":35,"column":65}},"11":{"start":{"line":36,"column":21},"end":{"line":36,"column":42}},"12":{"start":{"line":37,"column":8},"end":{"line":37,"column":48}},"13":{"start":{"line":43,"column":8},"end":{"line":51,"column":9}},"14":{"start":{"line":44,"column":10},"end":{"line":47,"column":13}},"15":{"start":{"line":48,"column":10},"end":{"line":48,"column":44}},"16":{"start":{"line":50,"column":10},"end":{"line":50,"column":37}},"17":{"start":{"line":55,"column":8},"end":{"line":55,"column":28}},"18":{"start":{"line":59,"column":2},"end":{"line":91,"column":4}},"19":{"start":{"line":87,"column":24},"end":{"line":87,"column":42}}},"fnMap":{"0":{"name":"Register","decl":{"start":{"line":10,"column":9},"end":{"line":10,"column":17}},"loc":{"start":{"line":10,"column":20},"end":{"line":92,"column":1}},"line":10},"1":{"name":"(anonymous_1)","decl":{"start":{"line":16,"column":27},"end":{"line":16,"column":28}},"loc":{"start":{"line":16,"column":40},"end":{"line":58,"column":3}},"line":16},"2":{"name":"(anonymous_2)","decl":{"start":{"line":87,"column":18},"end":{"line":87,"column":19}},"loc":{"start":{"line":87,"column":24},"end":{"line":87,"column":42}},"line":87}},"branchMap":{"0":{"loc":{"start":{"line":19,"column":4},"end":{"line":57,"column":5}},"type":"if","locations":[{"start":{"line":19,"column":4},"end":{"line":57,"column":5}},{"start":{"line":21,"column":11},"end":{"line":57,"column":5}}],"line":19},"1":{"loc":{"start":{"line":43,"column":8},"end":{"line":51,"column":9}},"type":"if","locations":[{"start":{"line":43,"column":8},"end":{"line":51,"column":9}},{"start":{"line":49,"column":15},"end":{"line":51,"column":9}}],"line":43},"2":{"loc":{"start":{"line":75,"column":9},"end":{"line":75,"column":32}},"type":"binary-expr","locations":[{"start":{"line":75,"column":9},"end":{"line":75,"column":14}},{"start":{"line":75,"column":18},"end":{"line":75,"column":32}}],"line":75}},"s":{"0":2,"1":2,"2":2,"3":2,"4":1,"5":1,"6":0,"7":1,"8":1,"9":0,"10":0,"11":0,"12":0,"13":0,"14":0,"15":0,"16":0,"17":1,"18":2,"19":0},"f":{"0":2,"1":1,"2":0},"b":{"0":[0,1],"1":[0,0],"2":[2,0]},"_coverageSchema":"1a1c01bbd47fc00a2c39e90264f33305004495a9","hash":"c4bdcf3b23834eb858a46d622f8619406396691e"}
,"/Users/guymargalith/Desktop/futureproof/week13/LAP4Project/frontend/src/redux/actions/action.js": {"path":"/Users/guymargalith/Desktop/futureproof/week13/LAP4Project/frontend/src/redux/actions/action.js","statementMap":{"0":{"start":{"line":4,"column":21},"end":{"line":22,"column":1}},"1":{"start":{"line":5,"column":2},"end":{"line":21,"column":4}},"2":{"start":{"line":6,"column":4},"end":{"line":20,"column":5}},"3":{"start":{"line":10,"column":6},"end":{"line":13,"column":9}},"4":{"start":{"line":15,"column":6},"end":{"line":15,"column":31}},"5":{"start":{"line":16,"column":6},"end":{"line":19,"column":9}},"6":{"start":{"line":26,"column":28},"end":{"line":55,"column":1}},"7":{"start":{"line":27,"column":2},"end":{"line":54,"column":4}},"8":{"start":{"line":28,"column":4},"end":{"line":53,"column":5}},"9":{"start":{"line":29,"column":22},"end":{"line":33,"column":7}},"10":{"start":{"line":35,"column":23},"end":{"line":35,"column":50}},"11":{"start":{"line":36,"column":19},"end":{"line":36,"column":40}},"12":{"start":{"line":39,"column":6},"end":{"line":46,"column":7}},"13":{"start":{"line":40,"column":8},"end":{"line":43,"column":11}},"14":{"start":{"line":45,"column":8},"end":{"line":45,"column":36}},"15":{"start":{"line":48,"column":6},"end":{"line":48,"column":31}},"16":{"start":{"line":49,"column":6},"end":{"line":52,"column":9}},"17":{"start":{"line":57,"column":22},"end":{"line":62,"column":1}},"18":{"start":{"line":58,"column":2},"end":{"line":58,"column":23}},"19":{"start":{"line":59,"column":2},"end":{"line":61,"column":4}}},"fnMap":{"0":{"name":"(anonymous_0)","decl":{"start":{"line":4,"column":21},"end":{"line":4,"column":22}},"loc":{"start":{"line":4,"column":31},"end":{"line":22,"column":1}},"line":4},"1":{"name":"(anonymous_1)","decl":{"start":{"line":5,"column":9},"end":{"line":5,"column":10}},"loc":{"start":{"line":5,"column":29},"end":{"line":21,"column":3}},"line":5},"2":{"name":"(anonymous_2)","decl":{"start":{"line":26,"column":28},"end":{"line":26,"column":29}},"loc":{"start":{"line":26,"column":42},"end":{"line":55,"column":1}},"line":26},"3":{"name":"(anonymous_3)","decl":{"start":{"line":27,"column":9},"end":{"line":27,"column":10}},"loc":{"start":{"line":27,"column":29},"end":{"line":54,"column":3}},"line":27},"4":{"name":"(anonymous_4)","decl":{"start":{"line":57,"column":22},"end":{"line":57,"column":23}},"loc":{"start":{"line":57,"column":28},"end":{"line":62,"column":1}},"line":57}},"branchMap":{"0":{"loc":{"start":{"line":39,"column":6},"end":{"line":46,"column":7}},"type":"if","locations":[{"start":{"line":39,"column":6},"end":{"line":46,"column":7}},{"start":{"line":44,"column":13},"end":{"line":46,"column":7}}],"line":39}},"s":{"0":10,"1":0,"2":0,"3":0,"4":0,"5":0,"6":10,"7":0,"8":0,"9":0,"10":0,"11":0,"12":0,"13":0,"14":0,"15":0,"16":0,"17":10,"18":0,"19":0},"f":{"0":0,"1":0,"2":0,"3":0,"4":0},"b":{"0":[0,0]},"_coverageSchema":"1a1c01bbd47fc00a2c39e90264f33305004495a9","hash":"de807cde8df8a6fa96db2ad518727a7ef7a6860e"}
,"/Users/guymargalith/Desktop/futureproof/week13/LAP4Project/frontend/src/redux/reducers/loggingReducer.js": {"path":"/Users/guymargalith/Desktop/futureproof/week13/LAP4Project/frontend/src/redux/reducers/loggingReducer.js","statementMap":{"0":{"start":{"line":1,"column":18},"end":{"line":5,"column":1}},"1":{"start":{"line":7,"column":23},"end":{"line":35,"column":1}},"2":{"start":{"line":8,"column":2},"end":{"line":34,"column":3}},"3":{"start":{"line":10,"column":6},"end":{"line":15,"column":8}},"4":{"start":{"line":17,"column":6},"end":{"line":17,"column":27}},"5":{"start":{"line":18,"column":6},"end":{"line":23,"column":8}},"6":{"start":{"line":25,"column":6},"end":{"line":25,"column":27}},"7":{"start":{"line":26,"column":6},"end":{"line":31,"column":8}},"8":{"start":{"line":33,"column":6},"end":{"line":33,"column":19}}},"fnMap":{"0":{"name":"(anonymous_0)","decl":{"start":{"line":7,"column":23},"end":{"line":7,"column":24}},"loc":{"start":{"line":7,"column":54},"end":{"line":35,"column":1}},"line":7}},"branchMap":{"0":{"loc":{"start":{"line":7,"column":24},"end":{"line":7,"column":41}},"type":"default-arg","locations":[{"start":{"line":7,"column":32},"end":{"line":7,"column":41}}],"line":7},"1":{"loc":{"start":{"line":8,"column":2},"end":{"line":34,"column":3}},"type":"switch","locations":[{"start":{"line":9,"column":4},"end":{"line":15,"column":8}},{"start":{"line":16,"column":4},"end":{"line":23,"column":8}},{"start":{"line":24,"column":4},"end":{"line":31,"column":8}},{"start":{"line":32,"column":4},"end":{"line":33,"column":19}}],"line":8}},"s":{"0":12,"1":12,"2":13,"3":0,"4":0,"5":0,"6":1,"7":1,"8":12},"f":{"0":13},"b":{"0":[12],"1":[0,0,1,12]},"_coverageSchema":"1a1c01bbd47fc00a2c39e90264f33305004495a9","hash":"685a913a6d5eca4d14505744fbbd71f9113923b9"}
,"/Users/guymargalith/Desktop/futureproof/week13/LAP4Project/frontend/src/redux/store/store.js": {"path":"/Users/guymargalith/Desktop/futureproof/week13/LAP4Project/frontend/src/redux/store/store.js","statementMap":{"0":{"start":{"line":7,"column":21},"end":{"line":10,"column":1}}},"fnMap":{},"branchMap":{},"s":{"0":12},"f":{},"b":{},"_coverageSchema":"1a1c01bbd47fc00a2c39e90264f33305004495a9","hash":"9a79e3e7087f74884237326fde2889c4a2cd5775"}
}
