{"/Users/guymargalith/Desktop/futureproof/week13/LAP4Project/frontend/src/serverUrl.js": {"path":"/Users/guymargalith/Desktop/futureproof/week13/LAP4Project/frontend/src/serverUrl.js","statementMap":{"0":{"start":{"line":1,"column":19},"end":{"line":1,"column":54}}},"fnMap":{},"branchMap":{},"s":{"0":11},"f":{},"b":{},"_coverageSchema":"1a1c01bbd47fc00a2c39e90264f33305004495a9","hash":"33df41af3bdb751ec49850f1bda8f466701cf797"}
,"/Users/guymargalith/Desktop/futureproof/week13/LAP4Project/frontend/src/components/index.js": {"path":"/Users/guymargalith/Desktop/futureproof/week13/LAP4Project/frontend/src/components/index.js","statementMap":{},"fnMap":{},"branchMap":{},"s":{},"f":{},"b":{},"_coverageSchema":"1a1c01bbd47fc00a2c39e90264f33305004495a9","hash":"d3451b05ed26be17002b5588ac633017586e7473"}
,"/Users/guymargalith/Desktop/futureproof/week13/LAP4Project/frontend/src/components/CompetitionListItem/index.js": {"path":"/Users/guymargalith/Desktop/futureproof/week13/LAP4Project/frontend/src/components/CompetitionListItem/index.js","statementMap":{"0":{"start":{"line":11,"column":19},"end":{"line":11,"column":32}},"1":{"start":{"line":13,"column":21},"end":{"line":13,"column":61}},"2":{"start":{"line":13,"column":44},"end":{"line":13,"column":60}},"3":{"start":{"line":14,"column":22},"end":{"line":14,"column":63}},"4":{"start":{"line":14,"column":45},"end":{"line":14,"column":62}},"5":{"start":{"line":16,"column":24},"end":{"line":16,"column":55}},"6":{"start":{"line":17,"column":2},"end":{"line":17,"column":88}},"7":{"start":{"line":19,"column":26},"end":{"line":42,"column":3}},"8":{"start":{"line":20,"column":4},"end":{"line":20,"column":23}},"9":{"start":{"line":21,"column":4},"end":{"line":41,"column":5}},"10":{"start":{"line":22,"column":33},"end":{"line":27,"column":7}},"11":{"start":{"line":28,"column":22},"end":{"line":35,"column":7}},"12":{"start":{"line":36,"column":23},"end":{"line":36,"column":61}},"13":{"start":{"line":37,"column":19},"end":{"line":37,"column":40}},"14":{"start":{"line":38,"column":6},"end":{"line":38,"column":54}},"15":{"start":{"line":40,"column":6},"end":{"line":40,"column":26}},"16":{"start":{"line":44,"column":2},"end":{"line":64,"column":4}},"17":{"start":{"line":51,"column":29},"end":{"line":51,"column":71}}},"fnMap":{"0":{"name":"CompetitionListItem","decl":{"start":{"line":10,"column":9},"end":{"line":10,"column":28}},"loc":{"start":{"line":10,"column":46},"end":{"line":65,"column":1}},"line":10},"1":{"name":"(anonymous_1)","decl":{"start":{"line":13,"column":33},"end":{"line":13,"column":34}},"loc":{"start":{"line":13,"column":44},"end":{"line":13,"column":60}},"line":13},"2":{"name":"(anonymous_2)","decl":{"start":{"line":14,"column":34},"end":{"line":14,"column":35}},"loc":{"start":{"line":14,"column":45},"end":{"line":14,"column":62}},"line":14},"3":{"name":"(anonymous_3)","decl":{"start":{"line":19,"column":26},"end":{"line":19,"column":27}},"loc":{"start":{"line":19,"column":39},"end":{"line":42,"column":3}},"line":19},"4":{"name":"(anonymous_4)","decl":{"start":{"line":51,"column":23},"end":{"line":51,"column":24}},"loc":{"start":{"line":51,"column":29},"end":{"line":51,"column":71}},"line":51}},"branchMap":{"0":{"loc":{"start":{"line":55,"column":13},"end":{"line":59,"column":13}},"type":"binary-expr","locations":[{"start":{"line":55,"column":13},"end":{"line":55,"column":23}},{"start":{"line":56,"column":14},"end":{"line":58,"column":23}}],"line":55}},"s":{"0":4,"1":4,"2":1,"3":4,"4":1,"5":4,"6":4,"7":4,"8":1,"9":1,"10":1,"11":1,"12":1,"13":1,"14":1,"15":0,"16":4,"17":0},"f":{"0":4,"1":1,"2":1,"3":1,"4":0},"b":{"0":[4,3]},"_coverageSchema":"1a1c01bbd47fc00a2c39e90264f33305004495a9","hash":"b2159f0d38dd3a22cf13d090cc5f88100289e388"}
,"/Users/guymargalith/Desktop/futureproof/week13/LAP4Project/frontend/src/components/LeaderboardItem/index.js": {"path":"/Users/guymargalith/Desktop/futureproof/week13/LAP4Project/frontend/src/components/LeaderboardItem/index.js","statementMap":{"0":{"start":{"line":5,"column":22},"end":{"line":5,"column":63}},"1":{"start":{"line":5,"column":45},"end":{"line":5,"column":62}},"2":{"start":{"line":7,"column":2},"end":{"line":12,"column":4}}},"fnMap":{"0":{"name":"LeaderboardItem","decl":{"start":{"line":4,"column":9},"end":{"line":4,"column":24}},"loc":{"start":{"line":4,"column":36},"end":{"line":13,"column":1}},"line":4},"1":{"name":"(anonymous_1)","decl":{"start":{"line":5,"column":34},"end":{"line":5,"column":35}},"loc":{"start":{"line":5,"column":45},"end":{"line":5,"column":62}},"line":5}},"branchMap":{"0":{"loc":{"start":{"line":8,"column":42},"end":{"line":8,"column":96}},"type":"cond-expr","locations":[{"start":{"line":8,"column":77},"end":{"line":8,"column":86}},{"start":{"line":8,"column":89},"end":{"line":8,"column":96}}],"line":8}},"s":{"0":3,"1":1,"2":3},"f":{"0":3,"1":1},"b":{"0":[2,1]},"_coverageSchema":"1a1c01bbd47fc00a2c39e90264f33305004495a9","hash":"0b33deb2a372188115d2aee3615b3b347a76bde1"}
,"/Users/guymargalith/Desktop/futureproof/week13/LAP4Project/frontend/src/components/NavBar/index.js": {"path":"/Users/guymargalith/Desktop/futureproof/week13/LAP4Project/frontend/src/components/NavBar/index.js","statementMap":{"0":{"start":{"line":20,"column":19},"end":{"line":20,"column":32}},"1":{"start":{"line":21,"column":19},"end":{"line":21,"column":32}},"2":{"start":{"line":22,"column":21},"end":{"line":22,"column":61}},"3":{"start":{"line":22,"column":44},"end":{"line":22,"column":60}},"4":{"start":{"line":25,"column":2},"end":{"line":120,"column":4}},"5":{"start":{"line":103,"column":16},"end":{"line":103,"column":35}},"6":{"start":{"line":104,"column":16},"end":{"line":104,"column":54}}},"fnMap":{"0":{"name":"NavBar","decl":{"start":{"line":19,"column":9},"end":{"line":19,"column":15}},"loc":{"start":{"line":19,"column":18},"end":{"line":121,"column":1}},"line":19},"1":{"name":"(anonymous_1)","decl":{"start":{"line":22,"column":33},"end":{"line":22,"column":34}},"loc":{"start":{"line":22,"column":44},"end":{"line":22,"column":60}},"line":22},"2":{"name":"(anonymous_2)","decl":{"start":{"line":102,"column":23},"end":{"line":102,"column":24}},"loc":{"start":{"line":102,"column":29},"end":{"line":105,"column":15}},"line":102}},"branchMap":{"0":{"loc":{"start":{"line":74,"column":9},"end":{"line":117,"column":9}},"type":"binary-expr","locations":[{"start":{"line":74,"column":9},"end":{"line":74,"column":19}},{"start":{"line":75,"column":10},"end":{"line":116,"column":13}}],"line":74}},"s":{"0":27,"1":24,"2":24,"3":12,"4":24,"5":0,"6":0},"f":{"0":27,"1":12,"2":0},"b":{"0":[24,13]},"_coverageSchema":"1a1c01bbd47fc00a2c39e90264f33305004495a9","hash":"509d79079cefb2ed55161fe1acb8c8e707733a20"}
,"/Users/guymargalith/Desktop/futureproof/week13/LAP4Project/frontend/src/pages/index.js": {"path":"/Users/guymargalith/Desktop/futureproof/week13/LAP4Project/frontend/src/pages/index.js","statementMap":{},"fnMap":{},"branchMap":{},"s":{},"f":{},"b":{},"_coverageSchema":"1a1c01bbd47fc00a2c39e90264f33305004495a9","hash":"fe98444a0fd8a08114c978d58cfd29cd13441d9e"}
,"/Users/guymargalith/Desktop/futureproof/week13/LAP4Project/frontend/src/pages/About/index.js": {"path":"/Users/guymargalith/Desktop/futureproof/week13/LAP4Project/frontend/src/pages/About/index.js","statementMap":{"0":{"start":{"line":6,"column":2},"end":{"line":23,"column":4}}},"fnMap":{"0":{"name":"About","decl":{"start":{"line":5,"column":9},"end":{"line":5,"column":14}},"loc":{"start":{"line":5,"column":17},"end":{"line":24,"column":1}},"line":5}},"branchMap":{},"s":{"0":1},"f":{"0":1},"b":{},"_coverageSchema":"1a1c01bbd47fc00a2c39e90264f33305004495a9","hash":"e5bcb9a63ee6c7e414fb9ced63e0e03354977c5e"}
,"/Users/guymargalith/Desktop/futureproof/week13/LAP4Project/frontend/src/pages/CompetitionLeaderboard/index.js": {"path":"/Users/guymargalith/Desktop/futureproof/week13/LAP4Project/frontend/src/pages/CompetitionLeaderboard/index.js","statementMap":{"0":{"start":{"line":12,"column":40},"end":{"line":12,"column":64}},"1":{"start":{"line":13,"column":44},"end":{"line":13,"column":59}},"2":{"start":{"line":14,"column":36},"end":{"line":14,"column":51}},"3":{"start":{"line":15,"column":48},"end":{"line":18,"column":4}},"4":{"start":{"line":19,"column":56},"end":{"line":19,"column":71}},"5":{"start":{"line":20,"column":38},"end":{"line":20,"column":50}},"6":{"start":{"line":21,"column":38},"end":{"line":21,"column":53}},"7":{"start":{"line":22,"column":56},"end":{"line":22,"column":66}},"8":{"start":{"line":28,"column":6},"end":{"line":31,"column":4}},"9":{"start":{"line":33,"column":4},"end":{"line":36,"column":6}},"10":{"start":{"line":38,"column":19},"end":{"line":38,"column":32}},"11":{"start":{"line":40,"column":21},"end":{"line":40,"column":61}},"12":{"start":{"line":40,"column":44},"end":{"line":40,"column":60}},"13":{"start":{"line":41,"column":22},"end":{"line":41,"column":63}},"14":{"start":{"line":41,"column":45},"end":{"line":41,"column":62}},"15":{"start":{"line":43,"column":21},"end":{"line":43,"column":32}},"16":{"start":{"line":44,"column":16},"end":{"line":44,"column":26}},"17":{"start":{"line":45,"column":22},"end":{"line":45,"column":56}},"18":{"start":{"line":47,"column":29},"end":{"line":71,"column":3}},"19":{"start":{"line":49,"column":4},"end":{"line":70,"column":5}},"20":{"start":{"line":50,"column":22},"end":{"line":55,"column":7}},"21":{"start":{"line":56,"column":23},"end":{"line":59,"column":7}},"22":{"start":{"line":60,"column":6},"end":{"line":66,"column":7}},"23":{"start":{"line":61,"column":8},"end":{"line":61,"column":27}},"24":{"start":{"line":62,"column":8},"end":{"line":62,"column":15}},"25":{"start":{"line":64,"column":21},"end":{"line":64,"column":42}},"26":{"start":{"line":65,"column":8},"end":{"line":65,"column":20}},"27":{"start":{"line":68,"column":6},"end":{"line":68,"column":34}},"28":{"start":{"line":69,"column":6},"end":{"line":69,"column":25}},"29":{"start":{"line":73,"column":22},"end":{"line":87,"column":3}},"30":{"start":{"line":74,"column":20},"end":{"line":81,"column":5}},"31":{"start":{"line":82,"column":21},"end":{"line":82,"column":65}},"32":{"start":{"line":83,"column":17},"end":{"line":83,"column":38}},"33":{"start":{"line":84,"column":4},"end":{"line":84,"column":22}},"34":{"start":{"line":85,"column":4},"end":{"line":85,"column":29}},"35":{"start":{"line":86,"column":4},"end":{"line":86,"column":16}},"36":{"start":{"line":89,"column":28},"end":{"line":92,"column":3}},"37":{"start":{"line":90,"column":4},"end":{"line":90,"column":23}},"38":{"start":{"line":91,"column":4},"end":{"line":91,"column":69}},"39":{"start":{"line":94,"column":32},"end":{"line":99,"column":3}},"40":{"start":{"line":95,"column":4},"end":{"line":95,"column":23}},"41":{"start":{"line":96,"column":21},"end":{"line":96,"column":61}},"42":{"start":{"line":97,"column":4},"end":{"line":97,"column":76}},"43":{"start":{"line":98,"column":4},"end":{"line":98,"column":22}},"44":{"start":{"line":101,"column":27},"end":{"line":103,"column":3}},"45":{"start":{"line":102,"column":4},"end":{"line":102,"column":34}},"46":{"start":{"line":105,"column":36},"end":{"line":118,"column":3}},"47":{"start":{"line":106,"column":4},"end":{"line":117,"column":5}},"48":{"start":{"line":107,"column":22},"end":{"line":113,"column":7}},"49":{"start":{"line":114,"column":6},"end":{"line":114,"column":62}},"50":{"start":{"line":116,"column":6},"end":{"line":116,"column":25}},"51":{"start":{"line":120,"column":32},"end":{"line":124,"column":3}},"52":{"start":{"line":121,"column":4},"end":{"line":121,"column":53}},"53":{"start":{"line":122,"column":4},"end":{"line":122,"column":34}},"54":{"start":{"line":123,"column":4},"end":{"line":123,"column":55}},"55":{"start":{"line":126,"column":2},"end":{"line":129,"column":24}},"56":{"start":{"line":127,"column":17},"end":{"line":127,"column":43}},"57":{"start":{"line":128,"column":4},"end":{"line":128,"column":25}},"58":{"start":{"line":131,"column":2},"end":{"line":146,"column":9}},"59":{"start":{"line":132,"column":19},"end":{"line":132,"column":45}},"60":{"start":{"line":133,"column":4},"end":{"line":145,"column":5}},"61":{"start":{"line":134,"column":6},"end":{"line":134,"column":29}},"62":{"start":{"line":135,"column":6},"end":{"line":137,"column":7}},"63":{"start":{"line":136,"column":8},"end":{"line":136,"column":31}},"64":{"start":{"line":138,"column":24},"end":{"line":140,"column":7}},"65":{"start":{"line":139,"column":19},"end":{"line":139,"column":51}},"66":{"start":{"line":141,"column":6},"end":{"line":144,"column":7}},"67":{"start":{"line":142,"column":8},"end":{"line":142,"column":37}},"68":{"start":{"line":143,"column":8},"end":{"line":143,"column":41}},"69":{"start":{"line":148,"column":29},"end":{"line":152,"column":8}},"70":{"start":{"line":150,"column":8},"end":{"line":150,"column":56}},"71":{"start":{"line":156,"column":26},"end":{"line":179,"column":3}},"72":{"start":{"line":157,"column":4},"end":{"line":157,"column":23}},"73":{"start":{"line":158,"column":4},"end":{"line":178,"column":5}},"74":{"start":{"line":159,"column":33},"end":{"line":164,"column":7}},"75":{"start":{"line":165,"column":22},"end":{"line":172,"column":7}},"76":{"start":{"line":173,"column":23},"end":{"line":173,"column":61}},"77":{"start":{"line":174,"column":19},"end":{"line":174,"column":40}},"78":{"start":{"line":175,"column":6},"end":{"line":175,"column":24}},"79":{"start":{"line":177,"column":6},"end":{"line":177,"column":26}},"80":{"start":{"line":181,"column":15},"end":{"line":199,"column":3}},"81":{"start":{"line":183,"column":6},"end":{"line":195,"column":8}},"82":{"start":{"line":188,"column":14},"end":{"line":188,"column":38}},"83":{"start":{"line":189,"column":14},"end":{"line":189,"column":40}},"84":{"start":{"line":201,"column":2},"end":{"line":317,"column":4}},"85":{"start":{"line":276,"column":10},"end":{"line":276,"column":37}},"86":{"start":{"line":287,"column":12},"end":{"line":287,"column":51}},"87":{"start":{"line":288,"column":12},"end":{"line":288,"column":43}},"88":{"start":{"line":302,"column":14},"end":{"line":302,"column":39}},"89":{"start":{"line":303,"column":14},"end":{"line":303,"column":57}},"90":{"start":{"line":313,"column":33},"end":{"line":313,"column":51}}},"fnMap":{"0":{"name":"CompetitionLeaderboard","decl":{"start":{"line":11,"column":9},"end":{"line":11,"column":31}},"loc":{"start":{"line":11,"column":34},"end":{"line":318,"column":1}},"line":11},"1":{"name":"(anonymous_1)","decl":{"start":{"line":40,"column":33},"end":{"line":40,"column":34}},"loc":{"start":{"line":40,"column":44},"end":{"line":40,"column":60}},"line":40},"2":{"name":"(anonymous_2)","decl":{"start":{"line":41,"column":34},"end":{"line":41,"column":35}},"loc":{"start":{"line":41,"column":45},"end":{"line":41,"column":62}},"line":41},"3":{"name":"(anonymous_3)","decl":{"start":{"line":47,"column":29},"end":{"line":47,"column":30}},"loc":{"start":{"line":47,"column":41},"end":{"line":71,"column":3}},"line":47},"4":{"name":"(anonymous_4)","decl":{"start":{"line":73,"column":22},"end":{"line":73,"column":23}},"loc":{"start":{"line":73,"column":43},"end":{"line":87,"column":3}},"line":73},"5":{"name":"(anonymous_5)","decl":{"start":{"line":89,"column":28},"end":{"line":89,"column":29}},"loc":{"start":{"line":89,"column":41},"end":{"line":92,"column":3}},"line":89},"6":{"name":"(anonymous_6)","decl":{"start":{"line":94,"column":32},"end":{"line":94,"column":33}},"loc":{"start":{"line":94,"column":45},"end":{"line":99,"column":3}},"line":94},"7":{"name":"(anonymous_7)","decl":{"start":{"line":101,"column":27},"end":{"line":101,"column":28}},"loc":{"start":{"line":101,"column":34},"end":{"line":103,"column":3}},"line":101},"8":{"name":"(anonymous_8)","decl":{"start":{"line":105,"column":36},"end":{"line":105,"column":37}},"loc":{"start":{"line":105,"column":59},"end":{"line":118,"column":3}},"line":105},"9":{"name":"(anonymous_9)","decl":{"start":{"line":120,"column":32},"end":{"line":120,"column":33}},"loc":{"start":{"line":120,"column":44},"end":{"line":124,"column":3}},"line":120},"10":{"name":"(anonymous_10)","decl":{"start":{"line":126,"column":12},"end":{"line":126,"column":13}},"loc":{"start":{"line":126,"column":24},"end":{"line":129,"column":3}},"line":126},"11":{"name":"(anonymous_11)","decl":{"start":{"line":131,"column":12},"end":{"line":131,"column":13}},"loc":{"start":{"line":131,"column":24},"end":{"line":146,"column":3}},"line":131},"12":{"name":"(anonymous_12)","decl":{"start":{"line":139,"column":8},"end":{"line":139,"column":9}},"loc":{"start":{"line":139,"column":19},"end":{"line":139,"column":51}},"line":139},"13":{"name":"(anonymous_13)","decl":{"start":{"line":149,"column":29},"end":{"line":149,"column":30}},"loc":{"start":{"line":150,"column":8},"end":{"line":150,"column":56}},"line":150},"14":{"name":"(anonymous_14)","decl":{"start":{"line":156,"column":26},"end":{"line":156,"column":27}},"loc":{"start":{"line":156,"column":39},"end":{"line":179,"column":3}},"line":156},"15":{"name":"(anonymous_15)","decl":{"start":{"line":182,"column":27},"end":{"line":182,"column":28}},"loc":{"start":{"line":182,"column":34},"end":{"line":196,"column":5}},"line":182},"16":{"name":"(anonymous_16)","decl":{"start":{"line":187,"column":21},"end":{"line":187,"column":22}},"loc":{"start":{"line":187,"column":27},"end":{"line":190,"column":13}},"line":187},"17":{"name":"(anonymous_17)","decl":{"start":{"line":275,"column":17},"end":{"line":275,"column":18}},"loc":{"start":{"line":275,"column":23},"end":{"line":277,"column":9}},"line":275},"18":{"name":"(anonymous_18)","decl":{"start":{"line":286,"column":19},"end":{"line":286,"column":20}},"loc":{"start":{"line":286,"column":25},"end":{"line":289,"column":11}},"line":286},"19":{"name":"(anonymous_19)","decl":{"start":{"line":301,"column":21},"end":{"line":301,"column":22}},"loc":{"start":{"line":301,"column":27},"end":{"line":304,"column":13}},"line":301},"20":{"name":"(anonymous_20)","decl":{"start":{"line":313,"column":27},"end":{"line":313,"column":28}},"loc":{"start":{"line":313,"column":33},"end":{"line":313,"column":51}},"line":313}},"branchMap":{"0":{"loc":{"start":{"line":60,"column":6},"end":{"line":66,"column":7}},"type":"if","locations":[{"start":{"line":60,"column":6},"end":{"line":66,"column":7}},{"start":{"line":63,"column":13},"end":{"line":66,"column":7}}],"line":60},"1":{"loc":{"start":{"line":133,"column":4},"end":{"line":145,"column":5}},"type":"if","locations":[{"start":{"line":133,"column":4},"end":{"line":145,"column":5}},{"start":{},"end":{}}],"line":133},"2":{"loc":{"start":{"line":135,"column":6},"end":{"line":137,"column":7}},"type":"if","locations":[{"start":{"line":135,"column":6},"end":{"line":137,"column":7}},{"start":{},"end":{}}],"line":135},"3":{"loc":{"start":{"line":141,"column":6},"end":{"line":144,"column":7}},"type":"if","locations":[{"start":{"line":141,"column":6},"end":{"line":144,"column":7}},{"start":{},"end":{}}],"line":141},"4":{"loc":{"start":{"line":148,"column":29},"end":{"line":152,"column":8}},"type":"cond-expr","locations":[{"start":{"line":149,"column":6},"end":{"line":151,"column":8}},{"start":{"line":152,"column":6},"end":{"line":152,"column":8}}],"line":148},"5":{"loc":{"start":{"line":181,"column":15},"end":{"line":199,"column":3}},"type":"cond-expr","locations":[{"start":{"line":182,"column":4},"end":{"line":196,"column":6}},{"start":{"line":198,"column":4},"end":{"line":198,"column":9}}],"line":181},"6":{"loc":{"start":{"line":204,"column":7},"end":{"line":273,"column":7}},"type":"binary-expr","locations":[{"start":{"line":204,"column":7},"end":{"line":204,"column":17}},{"start":{"line":205,"column":8},"end":{"line":272,"column":11}}],"line":204},"7":{"loc":{"start":{"line":206,"column":11},"end":{"line":271,"column":11}},"type":"cond-expr","locations":[{"start":{"line":207,"column":12},"end":{"line":207,"column":62}},{"start":{"line":209,"column":12},"end":{"line":270,"column":15}}],"line":206},"8":{"loc":{"start":{"line":213,"column":15},"end":{"line":263,"column":15}},"type":"cond-expr","locations":[{"start":{"line":214,"column":16},"end":{"line":260,"column":19}},{"start":{"line":262,"column":16},"end":{"line":262,"column":75}}],"line":213},"9":{"loc":{"start":{"line":215,"column":19},"end":{"line":238,"column":19}},"type":"binary-expr","locations":[{"start":{"line":215,"column":19},"end":{"line":215,"column":48}},{"start":{"line":216,"column":20},"end":{"line":237,"column":23}}],"line":215},"10":{"loc":{"start":{"line":217,"column":23},"end":{"line":236,"column":23}},"type":"cond-expr","locations":[{"start":{"line":218,"column":24},"end":{"line":218,"column":71}},{"start":{"line":220,"column":24},"end":{"line":235,"column":27}}],"line":217},"11":{"loc":{"start":{"line":239,"column":19},"end":{"line":256,"column":19}},"type":"binary-expr","locations":[{"start":{"line":239,"column":19},"end":{"line":239,"column":48}},{"start":{"line":240,"column":20},"end":{"line":255,"column":23}}],"line":239},"12":{"loc":{"start":{"line":265,"column":15},"end":{"line":269,"column":15}},"type":"cond-expr","locations":[{"start":{"line":266,"column":16},"end":{"line":266,"column":45}},{"start":{"line":268,"column":16},"end":{"line":268,"column":43}}],"line":265},"13":{"loc":{"start":{"line":281,"column":12},"end":{"line":281,"column":32}},"type":"binary-expr","locations":[{"start":{"line":281,"column":12},"end":{"line":281,"column":22}},{"start":{"line":281,"column":26},"end":{"line":281,"column":32}}],"line":281},"14":{"loc":{"start":{"line":294,"column":7},"end":{"line":309,"column":7}},"type":"binary-expr","locations":[{"start":{"line":294,"column":7},"end":{"line":294,"column":26}},{"start":{"line":295,"column":8},"end":{"line":308,"column":28}}],"line":294},"15":{"loc":{"start":{"line":310,"column":7},"end":{"line":315,"column":7}},"type":"binary-expr","locations":[{"start":{"line":310,"column":7},"end":{"line":310,"column":18}},{"start":{"line":311,"column":8},"end":{"line":314,"column":11}}],"line":310}},"s":{"0":9,"1":8,"2":8,"3":8,"4":8,"5":8,"6":8,"7":8,"8":8,"9":8,"10":8,"11":8,"12":0,"13":8,"14":0,"15":8,"16":8,"17":8,"18":8,"19":4,"20":4,"21":4,"22":4,"23":0,"24":0,"25":4,"26":4,"27":0,"28":0,"29":8,"30":0,"31":0,"32":0,"33":0,"34":0,"35":0,"36":8,"37":0,"38":0,"39":8,"40":0,"41":0,"42":0,"43":0,"44":8,"45":0,"46":8,"47":0,"48":0,"49":0,"50":0,"51":8,"52":0,"53":0,"54":0,"55":8,"56":2,"57":2,"58":8,"59":2,"60":2,"61":2,"62":2,"63":2,"64":2,"65":2,"66":2,"67":0,"68":0,"69":8,"70":2,"71":8,"72":0,"73":0,"74":0,"75":0,"76":0,"77":0,"78":0,"79":0,"80":8,"81":6,"82":0,"83":0,"84":8,"85":0,"86":0,"87":0,"88":0,"89":0,"90":0},"f":{"0":9,"1":0,"2":0,"3":4,"4":0,"5":0,"6":0,"7":0,"8":0,"9":0,"10":2,"11":2,"12":2,"13":2,"14":0,"15":6,"16":0,"17":0,"18":0,"19":0,"20":0},"b":{"0":[0,4],"1":[2,0],"2":[2,0],"3":[0,2],"4":[2,6],"5":[6,2],"6":[8,8],"7":[0,8],"8":[0,8],"9":[0,0],"10":[0,0],"11":[0,0],"12":[2,6],"13":[8,0],"14":[8,0],"15":[8,0]},"_coverageSchema":"1a1c01bbd47fc00a2c39e90264f33305004495a9","hash":"428c38624019bf8d45c9cec91f1b5c48510f9bdb"}
,"/Users/guymargalith/Desktop/futureproof/week13/LAP4Project/frontend/src/pages/CompetitionList/index.js": {"path":"/Users/guymargalith/Desktop/futureproof/week13/LAP4Project/frontend/src/pages/CompetitionList/index.js","statementMap":{"0":{"start":{"line":11,"column":21},"end":{"line":11,"column":61}},"1":{"start":{"line":11,"column":44},"end":{"line":11,"column":60}},"2":{"start":{"line":12,"column":42},"end":{"line":12,"column":54}},"3":{"start":{"line":14,"column":4},"end":{"line":17,"column":6}},"4":{"start":{"line":19,"column":28},"end":{"line":32,"column":3}},"5":{"start":{"line":20,"column":4},"end":{"line":31,"column":5}},"6":{"start":{"line":21,"column":22},"end":{"line":25,"column":7}},"7":{"start":{"line":26,"column":23},"end":{"line":26,"column":73}},"8":{"start":{"line":27,"column":19},"end":{"line":27,"column":40}},"9":{"start":{"line":28,"column":6},"end":{"line":28,"column":18}},"10":{"start":{"line":30,"column":6},"end":{"line":30,"column":25}},"11":{"start":{"line":34,"column":23},"end":{"line":40,"column":3}},"12":{"start":{"line":35,"column":4},"end":{"line":39,"column":5}},"13":{"start":{"line":36,"column":6},"end":{"line":36,"column":38}},"14":{"start":{"line":38,"column":6},"end":{"line":38,"column":29}},"15":{"start":{"line":42,"column":2},"end":{"line":45,"column":9}},"16":{"start":{"line":43,"column":18},"end":{"line":43,"column":43}},"17":{"start":{"line":44,"column":4},"end":{"line":44,"column":27}},"18":{"start":{"line":47,"column":19},"end":{"line":47,"column":32}},"19":{"start":{"line":49,"column":19},"end":{"line":55,"column":3}},"20":{"start":{"line":51,"column":6},"end":{"line":51,"column":62}},"21":{"start":{"line":56,"column":2},"end":{"line":87,"column":4}},"22":{"start":{"line":67,"column":55},"end":{"line":67,"column":73}}},"fnMap":{"0":{"name":"CompetitionList","decl":{"start":{"line":10,"column":9},"end":{"line":10,"column":24}},"loc":{"start":{"line":10,"column":27},"end":{"line":88,"column":1}},"line":10},"1":{"name":"(anonymous_1)","decl":{"start":{"line":11,"column":33},"end":{"line":11,"column":34}},"loc":{"start":{"line":11,"column":44},"end":{"line":11,"column":60}},"line":11},"2":{"name":"(anonymous_2)","decl":{"start":{"line":19,"column":28},"end":{"line":19,"column":29}},"loc":{"start":{"line":19,"column":40},"end":{"line":32,"column":3}},"line":19},"3":{"name":"(anonymous_3)","decl":{"start":{"line":34,"column":23},"end":{"line":34,"column":24}},"loc":{"start":{"line":34,"column":30},"end":{"line":40,"column":3}},"line":34},"4":{"name":"(anonymous_4)","decl":{"start":{"line":42,"column":12},"end":{"line":42,"column":13}},"loc":{"start":{"line":42,"column":24},"end":{"line":45,"column":3}},"line":42},"5":{"name":"(anonymous_5)","decl":{"start":{"line":50,"column":21},"end":{"line":50,"column":22}},"loc":{"start":{"line":51,"column":6},"end":{"line":51,"column":62}},"line":51},"6":{"name":"(anonymous_6)","decl":{"start":{"line":67,"column":49},"end":{"line":67,"column":50}},"loc":{"start":{"line":67,"column":55},"end":{"line":67,"column":73}},"line":67}},"branchMap":{"0":{"loc":{"start":{"line":35,"column":4},"end":{"line":39,"column":5}},"type":"if","locations":[{"start":{"line":35,"column":4},"end":{"line":39,"column":5}},{"start":{"line":37,"column":11},"end":{"line":39,"column":5}}],"line":35},"1":{"loc":{"start":{"line":49,"column":19},"end":{"line":55,"column":3}},"type":"cond-expr","locations":[{"start":{"line":50,"column":4},"end":{"line":52,"column":6}},{"start":{"line":54,"column":4},"end":{"line":54,"column":9}}],"line":49},"2":{"loc":{"start":{"line":78,"column":7},"end":{"line":85,"column":7}},"type":"cond-expr","locations":[{"start":{"line":79,"column":8},"end":{"line":79,"column":16}},{"start":{"line":81,"column":8},"end":{"line":84,"column":12}}],"line":78}},"s":{"0":3,"1":2,"2":2,"3":2,"4":2,"5":1,"6":1,"7":1,"8":1,"9":1,"10":0,"11":2,"12":0,"13":0,"14":0,"15":2,"16":1,"17":1,"18":2,"19":2,"20":1,"21":2,"22":0},"f":{"0":3,"1":2,"2":1,"3":0,"4":1,"5":1,"6":0},"b":{"0":[0,0],"1":[1,1],"2":[1,1]},"_coverageSchema":"1a1c01bbd47fc00a2c39e90264f33305004495a9","hash":"9a0db4f01648dabd8c1150c7825bebc5216c65c5"}
,"/Users/guymargalith/Desktop/futureproof/week13/LAP4Project/frontend/src/pages/CreateCompetition/index.js": {"path":"/Users/guymargalith/Desktop/futureproof/week13/LAP4Project/frontend/src/pages/CreateCompetition/index.js","statementMap":{"0":{"start":{"line":11,"column":53},"end":{"line":14,"column":4}},"1":{"start":{"line":15,"column":65},"end":{"line":18,"column":3}},"2":{"start":{"line":19,"column":22},"end":{"line":19,"column":63}},"3":{"start":{"line":19,"column":45},"end":{"line":19,"column":62}},"4":{"start":{"line":20,"column":21},"end":{"line":20,"column":61}},"5":{"start":{"line":20,"column":44},"end":{"line":20,"column":60}},"6":{"start":{"line":21,"column":19},"end":{"line":21,"column":32}},"7":{"start":{"line":23,"column":27},"end":{"line":66,"column":3}},"8":{"start":{"line":24,"column":4},"end":{"line":24,"column":23}},"9":{"start":{"line":25,"column":4},"end":{"line":65,"column":5}},"10":{"start":{"line":26,"column":25},"end":{"line":26,"column":67}},"11":{"start":{"line":27,"column":6},"end":{"line":27,"column":44}},"12":{"start":{"line":28,"column":6},"end":{"line":28,"column":45}},"13":{"start":{"line":29,"column":6},"end":{"line":29,"column":40}},"14":{"start":{"line":30,"column":6},"end":{"line":30,"column":66}},"15":{"start":{"line":31,"column":22},"end":{"line":38,"column":7}},"16":{"start":{"line":39,"column":23},"end":{"line":39,"column":67}},"17":{"start":{"line":40,"column":19},"end":{"line":40,"column":40}},"18":{"start":{"line":41,"column":6},"end":{"line":41,"column":24}},"19":{"start":{"line":44,"column":33},"end":{"line":49,"column":7}},"20":{"start":{"line":50,"column":21},"end":{"line":57,"column":7}},"21":{"start":{"line":58,"column":18},"end":{"line":58,"column":55}},"22":{"start":{"line":59,"column":17},"end":{"line":59,"column":33}},"23":{"start":{"line":60,"column":6},"end":{"line":60,"column":22}},"24":{"start":{"line":62,"column":6},"end":{"line":62,"column":42}},"25":{"start":{"line":64,"column":6},"end":{"line":64,"column":25}},"26":{"start":{"line":68,"column":2},"end":{"line":72,"column":9}},"27":{"start":{"line":69,"column":4},"end":{"line":71,"column":5}},"28":{"start":{"line":70,"column":6},"end":{"line":70,"column":32}},"29":{"start":{"line":74,"column":2},"end":{"line":122,"column":4}}},"fnMap":{"0":{"name":"CreateCompetition","decl":{"start":{"line":10,"column":9},"end":{"line":10,"column":26}},"loc":{"start":{"line":10,"column":29},"end":{"line":123,"column":1}},"line":10},"1":{"name":"(anonymous_1)","decl":{"start":{"line":19,"column":34},"end":{"line":19,"column":35}},"loc":{"start":{"line":19,"column":45},"end":{"line":19,"column":62}},"line":19},"2":{"name":"(anonymous_2)","decl":{"start":{"line":20,"column":33},"end":{"line":20,"column":34}},"loc":{"start":{"line":20,"column":44},"end":{"line":20,"column":60}},"line":20},"3":{"name":"(anonymous_3)","decl":{"start":{"line":23,"column":27},"end":{"line":23,"column":28}},"loc":{"start":{"line":23,"column":40},"end":{"line":66,"column":3}},"line":23},"4":{"name":"(anonymous_4)","decl":{"start":{"line":68,"column":12},"end":{"line":68,"column":13}},"loc":{"start":{"line":68,"column":18},"end":{"line":72,"column":3}},"line":68}},"branchMap":{"0":{"loc":{"start":{"line":69,"column":4},"end":{"line":71,"column":5}},"type":"if","locations":[{"start":{"line":69,"column":4},"end":{"line":71,"column":5}},{"start":{},"end":{}}],"line":69}},"s":{"0":4,"1":3,"2":3,"3":0,"4":3,"5":0,"6":3,"7":3,"8":1,"9":1,"10":1,"11":1,"12":1,"13":1,"14":1,"15":1,"16":1,"17":1,"18":1,"19":1,"20":1,"21":1,"22":1,"23":1,"24":1,"25":0,"26":3,"27":2,"28":0,"29":3},"f":{"0":4,"1":0,"2":0,"3":1,"4":2},"b":{"0":[0,2]},"_coverageSchema":"1a1c01bbd47fc00a2c39e90264f33305004495a9","hash":"7761d8ea58277f9a83e09b6e0ed2f73cf119eb0d"}
,"/Users/guymargalith/Desktop/futureproof/week13/LAP4Project/frontend/src/pages/EditProfile/index.js": {"path":"/Users/guymargalith/Desktop/futureproof/week13/LAP4Project/frontend/src/pages/EditProfile/index.js","statementMap":{"0":{"start":{"line":9,"column":22},"end":{"line":9,"column":63}},"1":{"start":{"line":9,"column":45},"end":{"line":9,"column":62}},"2":{"start":{"line":11,"column":19},"end":{"line":11,"column":32}},"3":{"start":{"line":12,"column":27},"end":{"line":37,"column":3}},"4":{"start":{"line":13,"column":4},"end":{"line":13,"column":23}},"5":{"start":{"line":15,"column":17},"end":{"line":15,"column":25}},"6":{"start":{"line":17,"column":4},"end":{"line":36,"column":5}},"7":{"start":{"line":18,"column":6},"end":{"line":18,"column":53}},"8":{"start":{"line":20,"column":6},"end":{"line":35,"column":7}},"9":{"start":{"line":21,"column":24},"end":{"line":28,"column":9}},"10":{"start":{"line":29,"column":25},"end":{"line":29,"column":67}},"11":{"start":{"line":30,"column":21},"end":{"line":30,"column":42}},"12":{"start":{"line":32,"column":8},"end":{"line":32,"column":48}},"13":{"start":{"line":34,"column":8},"end":{"line":34,"column":28}},"14":{"start":{"line":41,"column":2},"end":{"line":52,"column":4}}},"fnMap":{"0":{"name":"EditProfile","decl":{"start":{"line":8,"column":9},"end":{"line":8,"column":20}},"loc":{"start":{"line":8,"column":23},"end":{"line":53,"column":1}},"line":8},"1":{"name":"(anonymous_1)","decl":{"start":{"line":9,"column":34},"end":{"line":9,"column":35}},"loc":{"start":{"line":9,"column":45},"end":{"line":9,"column":62}},"line":9},"2":{"name":"(anonymous_2)","decl":{"start":{"line":12,"column":27},"end":{"line":12,"column":28}},"loc":{"start":{"line":12,"column":40},"end":{"line":37,"column":3}},"line":12}},"branchMap":{"0":{"loc":{"start":{"line":17,"column":4},"end":{"line":36,"column":5}},"type":"if","locations":[{"start":{"line":17,"column":4},"end":{"line":36,"column":5}},{"start":{"line":19,"column":11},"end":{"line":36,"column":5}}],"line":17}},"s":{"0":3,"1":0,"2":3,"3":2,"4":1,"5":1,"6":1,"7":0,"8":1,"9":1,"10":1,"11":0,"12":0,"13":1,"14":2},"f":{"0":3,"1":0,"2":1},"b":{"0":[0,1]},"_coverageSchema":"1a1c01bbd47fc00a2c39e90264f33305004495a9","hash":"fc080664c95c590bb94410ab9284a63af5e118d6"}
,"/Users/guymargalith/Desktop/futureproof/week13/LAP4Project/frontend/src/pages/Home/index.js": {"path":"/Users/guymargalith/Desktop/futureproof/week13/LAP4Project/frontend/src/pages/Home/index.js","statementMap":{"0":{"start":{"line":7,"column":19},"end":{"line":7,"column":32}},"1":{"start":{"line":9,"column":2},"end":{"line":35,"column":4}},"2":{"start":{"line":20,"column":25},"end":{"line":20,"column":43}},"3":{"start":{"line":29,"column":25},"end":{"line":29,"column":46}}},"fnMap":{"0":{"name":"Home","decl":{"start":{"line":6,"column":9},"end":{"line":6,"column":13}},"loc":{"start":{"line":6,"column":16},"end":{"line":36,"column":1}},"line":6},"1":{"name":"(anonymous_1)","decl":{"start":{"line":20,"column":19},"end":{"line":20,"column":20}},"loc":{"start":{"line":20,"column":25},"end":{"line":20,"column":43}},"line":20},"2":{"name":"(anonymous_2)","decl":{"start":{"line":29,"column":19},"end":{"line":29,"column":20}},"loc":{"start":{"line":29,"column":25},"end":{"line":29,"column":46}},"line":29}},"branchMap":{},"s":{"0":2,"1":1,"2":0,"3":0},"f":{"0":2,"1":0,"2":0},"b":{},"_coverageSchema":"1a1c01bbd47fc00a2c39e90264f33305004495a9","hash":"2db0d87b8b3e33e4c007339c3c25041c80ec58b1"}
,"/Users/guymargalith/Desktop/futureproof/week13/LAP4Project/frontend/src/pages/Login/index.js": {"path":"/Users/guymargalith/Desktop/futureproof/week13/LAP4Project/frontend/src/pages/Login/index.js","statementMap":{"0":{"start":{"line":11,"column":34},"end":{"line":11,"column":44}},"1":{"start":{"line":12,"column":34},"end":{"line":12,"column":44}},"2":{"start":{"line":13,"column":19},"end":{"line":13,"column":32}},"3":{"start":{"line":14,"column":19},"end":{"line":14,"column":32}},"4":{"start":{"line":40,"column":27},"end":{"line":71,"column":3}},"5":{"start":{"line":41,"column":4},"end":{"line":41,"column":23}},"6":{"start":{"line":42,"column":17},"end":{"line":42,"column":25}},"7":{"start":{"line":43,"column":4},"end":{"line":70,"column":5}},"8":{"start":{"line":44,"column":24},"end":{"line":47,"column":7}},"9":{"start":{"line":48,"column":22},"end":{"line":52,"column":7}},"10":{"start":{"line":53,"column":23},"end":{"line":53,"column":60}},"11":{"start":{"line":54,"column":19},"end":{"line":54,"column":40}},"12":{"start":{"line":55,"column":6},"end":{"line":55,"column":38}},"13":{"start":{"line":57,"column":6},"end":{"line":65,"column":7}},"14":{"start":{"line":58,"column":8},"end":{"line":61,"column":11}},"15":{"start":{"line":63,"column":8},"end":{"line":63,"column":50}},"16":{"start":{"line":64,"column":8},"end":{"line":64,"column":35}},"17":{"start":{"line":67,"column":6},"end":{"line":67,"column":46}},"18":{"start":{"line":69,"column":6},"end":{"line":69,"column":26}},"19":{"start":{"line":73,"column":2},"end":{"line":108,"column":4}},"20":{"start":{"line":104,"column":31},"end":{"line":104,"column":52}}},"fnMap":{"0":{"name":"Login","decl":{"start":{"line":10,"column":9},"end":{"line":10,"column":14}},"loc":{"start":{"line":10,"column":17},"end":{"line":109,"column":1}},"line":10},"1":{"name":"(anonymous_1)","decl":{"start":{"line":40,"column":27},"end":{"line":40,"column":28}},"loc":{"start":{"line":40,"column":40},"end":{"line":71,"column":3}},"line":40},"2":{"name":"(anonymous_2)","decl":{"start":{"line":104,"column":25},"end":{"line":104,"column":26}},"loc":{"start":{"line":104,"column":31},"end":{"line":104,"column":52}},"line":104}},"branchMap":{"0":{"loc":{"start":{"line":57,"column":6},"end":{"line":65,"column":7}},"type":"if","locations":[{"start":{"line":57,"column":6},"end":{"line":65,"column":7}},{"start":{"line":62,"column":13},"end":{"line":65,"column":7}}],"line":57}},"s":{"0":3,"1":3,"2":3,"3":3,"4":3,"5":1,"6":1,"7":1,"8":1,"9":1,"10":1,"11":1,"12":1,"13":1,"14":1,"15":0,"16":0,"17":1,"18":0,"19":3,"20":0},"f":{"0":3,"1":1,"2":0},"b":{"0":[1,0]},"_coverageSchema":"1a1c01bbd47fc00a2c39e90264f33305004495a9","hash":"7a10f769d83dc035f564be175f570a1d59d83fb8"}
,"/Users/guymargalith/Desktop/futureproof/week13/LAP4Project/frontend/src/pages/Profile/index.js": {"path":"/Users/guymargalith/Desktop/futureproof/week13/LAP4Project/frontend/src/pages/Profile/index.js","statementMap":{"0":{"start":{"line":12,"column":22},"end":{"line":12,"column":63}},"1":{"start":{"line":12,"column":45},"end":{"line":12,"column":62}},"2":{"start":{"line":13,"column":40},"end":{"line":13,"column":50}},"3":{"start":{"line":15,"column":19},"end":{"line":15,"column":32}},"4":{"start":{"line":17,"column":35},"end":{"line":35,"column":3}},"5":{"start":{"line":18,"column":4},"end":{"line":34,"column":5}},"6":{"start":{"line":19,"column":22},"end":{"line":26,"column":7}},"7":{"start":{"line":28,"column":23},"end":{"line":28,"column":78}},"8":{"start":{"line":29,"column":19},"end":{"line":29,"column":40}},"9":{"start":{"line":30,"column":6},"end":{"line":30,"column":24}},"10":{"start":{"line":31,"column":6},"end":{"line":31,"column":27}},"11":{"start":{"line":33,"column":6},"end":{"line":33,"column":26}},"12":{"start":{"line":37,"column":2},"end":{"line":40,"column":9}},"13":{"start":{"line":38,"column":4},"end":{"line":38,"column":37}},"14":{"start":{"line":39,"column":4},"end":{"line":39,"column":29}},"15":{"start":{"line":42,"column":28},"end":{"line":53,"column":3}},"16":{"start":{"line":44,"column":6},"end":{"line":49,"column":8}},"17":{"start":{"line":46,"column":29},"end":{"line":46,"column":61}},"18":{"start":{"line":55,"column":2},"end":{"line":78,"column":4}}},"fnMap":{"0":{"name":"Profile","decl":{"start":{"line":11,"column":9},"end":{"line":11,"column":16}},"loc":{"start":{"line":11,"column":19},"end":{"line":79,"column":1}},"line":11},"1":{"name":"(anonymous_1)","decl":{"start":{"line":12,"column":34},"end":{"line":12,"column":35}},"loc":{"start":{"line":12,"column":45},"end":{"line":12,"column":62}},"line":12},"2":{"name":"(anonymous_2)","decl":{"start":{"line":17,"column":35},"end":{"line":17,"column":36}},"loc":{"start":{"line":17,"column":47},"end":{"line":35,"column":3}},"line":17},"3":{"name":"(anonymous_3)","decl":{"start":{"line":37,"column":12},"end":{"line":37,"column":13}},"loc":{"start":{"line":37,"column":24},"end":{"line":40,"column":3}},"line":37},"4":{"name":"(anonymous_4)","decl":{"start":{"line":43,"column":20},"end":{"line":43,"column":21}},"loc":{"start":{"line":43,"column":27},"end":{"line":50,"column":5}},"line":43},"5":{"name":"(anonymous_5)","decl":{"start":{"line":46,"column":23},"end":{"line":46,"column":24}},"loc":{"start":{"line":46,"column":29},"end":{"line":46,"column":61}},"line":46}},"branchMap":{"0":{"loc":{"start":{"line":42,"column":28},"end":{"line":53,"column":3}},"type":"cond-expr","locations":[{"start":{"line":43,"column":4},"end":{"line":50,"column":6}},{"start":{"line":52,"column":4},"end":{"line":52,"column":9}}],"line":42}},"s":{"0":1,"1":1,"2":1,"3":1,"4":1,"5":1,"6":1,"7":1,"8":1,"9":0,"10":0,"11":1,"12":1,"13":1,"14":1,"15":1,"16":0,"17":0,"18":1},"f":{"0":1,"1":1,"2":1,"3":1,"4":0,"5":0},"b":{"0":[0,1]},"_coverageSchema":"1a1c01bbd47fc00a2c39e90264f33305004495a9","hash":"5443f7ffe28e7bf7db3fd56fe3f323a6a4ac485a"}
,"/Users/guymargalith/Desktop/futureproof/week13/LAP4Project/frontend/src/pages/Register/index.js": {"path":"/Users/guymargalith/Desktop/futureproof/week13/LAP4Project/frontend/src/pages/Register/index.js","statementMap":{"0":{"start":{"line":11,"column":28},"end":{"line":11,"column":40}},"1":{"start":{"line":13,"column":19},"end":{"line":13,"column":32}},"2":{"start":{"line":14,"column":19},"end":{"line":14,"column":32}},"3":{"start":{"line":16,"column":27},"end":{"line":59,"column":3}},"4":{"start":{"line":17,"column":4},"end":{"line":17,"column":23}},"5":{"start":{"line":19,"column":4},"end":{"line":58,"column":5}},"6":{"start":{"line":20,"column":6},"end":{"line":20,"column":53}},"7":{"start":{"line":22,"column":6},"end":{"line":57,"column":7}},"8":{"start":{"line":23,"column":25},"end":{"line":27,"column":9}},"9":{"start":{"line":29,"column":24},"end":{"line":33,"column":9}},"10":{"start":{"line":35,"column":25},"end":{"line":35,"column":65}},"11":{"start":{"line":36,"column":21},"end":{"line":36,"column":42}},"12":{"start":{"line":37,"column":8},"end":{"line":37,"column":48}},"13":{"start":{"line":43,"column":8},"end":{"line":52,"column":9}},"14":{"start":{"line":44,"column":10},"end":{"line":47,"column":13}},"15":{"start":{"line":48,"column":10},"end":{"line":48,"column":44}},"16":{"start":{"line":50,"column":10},"end":{"line":50,"column":52}},"17":{"start":{"line":51,"column":10},"end":{"line":51,"column":37}},"18":{"start":{"line":54,"column":8},"end":{"line":54,"column":48}},"19":{"start":{"line":56,"column":8},"end":{"line":56,"column":28}},"20":{"start":{"line":60,"column":2},"end":{"line":109,"column":4}},"21":{"start":{"line":104,"column":23},"end":{"line":104,"column":41}}},"fnMap":{"0":{"name":"Register","decl":{"start":{"line":10,"column":9},"end":{"line":10,"column":17}},"loc":{"start":{"line":10,"column":20},"end":{"line":110,"column":1}},"line":10},"1":{"name":"(anonymous_1)","decl":{"start":{"line":16,"column":27},"end":{"line":16,"column":28}},"loc":{"start":{"line":16,"column":40},"end":{"line":59,"column":3}},"line":16},"2":{"name":"(anonymous_2)","decl":{"start":{"line":104,"column":17},"end":{"line":104,"column":18}},"loc":{"start":{"line":104,"column":23},"end":{"line":104,"column":41}},"line":104}},"branchMap":{"0":{"loc":{"start":{"line":19,"column":4},"end":{"line":58,"column":5}},"type":"if","locations":[{"start":{"line":19,"column":4},"end":{"line":58,"column":5}},{"start":{"line":21,"column":11},"end":{"line":58,"column":5}}],"line":19},"1":{"loc":{"start":{"line":43,"column":8},"end":{"line":52,"column":9}},"type":"if","locations":[{"start":{"line":43,"column":8},"end":{"line":52,"column":9}},{"start":{"line":49,"column":15},"end":{"line":52,"column":9}}],"line":43},"2":{"loc":{"start":{"line":90,"column":9},"end":{"line":90,"column":32}},"type":"binary-expr","locations":[{"start":{"line":90,"column":9},"end":{"line":90,"column":14}},{"start":{"line":90,"column":18},"end":{"line":90,"column":32}}],"line":90}},"s":{"0":2,"1":2,"2":2,"3":2,"4":1,"5":1,"6":0,"7":1,"8":1,"9":0,"10":0,"11":0,"12":0,"13":0,"14":0,"15":0,"16":0,"17":0,"18":0,"19":1,"20":2,"21":0},"f":{"0":2,"1":1,"2":0},"b":{"0":[0,1],"1":[0,0],"2":[2,0]},"_coverageSchema":"1a1c01bbd47fc00a2c39e90264f33305004495a9","hash":"61d82e0a32c950ce09771797eb8c95af62abfb74"}
,"/Users/guymargalith/Desktop/futureproof/week13/LAP4Project/frontend/src/redux/actions/action.js": {"path":"/Users/guymargalith/Desktop/futureproof/week13/LAP4Project/frontend/src/redux/actions/action.js","statementMap":{"0":{"start":{"line":4,"column":21},"end":{"line":22,"column":1}},"1":{"start":{"line":5,"column":2},"end":{"line":21,"column":4}},"2":{"start":{"line":6,"column":4},"end":{"line":20,"column":5}},"3":{"start":{"line":10,"column":6},"end":{"line":13,"column":9}},"4":{"start":{"line":15,"column":6},"end":{"line":15,"column":31}},"5":{"start":{"line":16,"column":6},"end":{"line":19,"column":9}},"6":{"start":{"line":26,"column":28},"end":{"line":55,"column":1}},"7":{"start":{"line":27,"column":2},"end":{"line":54,"column":4}},"8":{"start":{"line":28,"column":4},"end":{"line":53,"column":5}},"9":{"start":{"line":29,"column":22},"end":{"line":33,"column":7}},"10":{"start":{"line":35,"column":23},"end":{"line":35,"column":50}},"11":{"start":{"line":36,"column":19},"end":{"line":36,"column":40}},"12":{"start":{"line":39,"column":6},"end":{"line":46,"column":7}},"13":{"start":{"line":40,"column":8},"end":{"line":43,"column":11}},"14":{"start":{"line":45,"column":8},"end":{"line":45,"column":36}},"15":{"start":{"line":48,"column":6},"end":{"line":48,"column":31}},"16":{"start":{"line":49,"column":6},"end":{"line":52,"column":9}},"17":{"start":{"line":57,"column":22},"end":{"line":62,"column":1}},"18":{"start":{"line":58,"column":2},"end":{"line":58,"column":23}},"19":{"start":{"line":59,"column":2},"end":{"line":61,"column":4}}},"fnMap":{"0":{"name":"(anonymous_0)","decl":{"start":{"line":4,"column":21},"end":{"line":4,"column":22}},"loc":{"start":{"line":4,"column":31},"end":{"line":22,"column":1}},"line":4},"1":{"name":"(anonymous_1)","decl":{"start":{"line":5,"column":9},"end":{"line":5,"column":10}},"loc":{"start":{"line":5,"column":29},"end":{"line":21,"column":3}},"line":5},"2":{"name":"(anonymous_2)","decl":{"start":{"line":26,"column":28},"end":{"line":26,"column":29}},"loc":{"start":{"line":26,"column":42},"end":{"line":55,"column":1}},"line":26},"3":{"name":"(anonymous_3)","decl":{"start":{"line":27,"column":9},"end":{"line":27,"column":10}},"loc":{"start":{"line":27,"column":29},"end":{"line":54,"column":3}},"line":27},"4":{"name":"(anonymous_4)","decl":{"start":{"line":57,"column":22},"end":{"line":57,"column":23}},"loc":{"start":{"line":57,"column":28},"end":{"line":62,"column":1}},"line":57}},"branchMap":{"0":{"loc":{"start":{"line":39,"column":6},"end":{"line":46,"column":7}},"type":"if","locations":[{"start":{"line":39,"column":6},"end":{"line":46,"column":7}},{"start":{"line":44,"column":13},"end":{"line":46,"column":7}}],"line":39}},"s":{"0":10,"1":0,"2":0,"3":0,"4":0,"5":0,"6":10,"7":0,"8":0,"9":0,"10":0,"11":0,"12":0,"13":0,"14":0,"15":0,"16":0,"17":10,"18":0,"19":0},"f":{"0":0,"1":0,"2":0,"3":0,"4":0},"b":{"0":[0,0]},"_coverageSchema":"1a1c01bbd47fc00a2c39e90264f33305004495a9","hash":"de807cde8df8a6fa96db2ad518727a7ef7a6860e"}
,"/Users/guymargalith/Desktop/futureproof/week13/LAP4Project/frontend/src/redux/reducers/loggingReducer.js": {"path":"/Users/guymargalith/Desktop/futureproof/week13/LAP4Project/frontend/src/redux/reducers/loggingReducer.js","statementMap":{"0":{"start":{"line":1,"column":18},"end":{"line":5,"column":1}},"1":{"start":{"line":7,"column":23},"end":{"line":35,"column":1}},"2":{"start":{"line":8,"column":2},"end":{"line":34,"column":3}},"3":{"start":{"line":10,"column":6},"end":{"line":15,"column":8}},"4":{"start":{"line":17,"column":6},"end":{"line":17,"column":27}},"5":{"start":{"line":18,"column":6},"end":{"line":23,"column":8}},"6":{"start":{"line":25,"column":6},"end":{"line":25,"column":27}},"7":{"start":{"line":26,"column":6},"end":{"line":31,"column":8}},"8":{"start":{"line":33,"column":6},"end":{"line":33,"column":19}}},"fnMap":{"0":{"name":"(anonymous_0)","decl":{"start":{"line":7,"column":23},"end":{"line":7,"column":24}},"loc":{"start":{"line":7,"column":54},"end":{"line":35,"column":1}},"line":7}},"branchMap":{"0":{"loc":{"start":{"line":7,"column":24},"end":{"line":7,"column":41}},"type":"default-arg","locations":[{"start":{"line":7,"column":32},"end":{"line":7,"column":41}}],"line":7},"1":{"loc":{"start":{"line":8,"column":2},"end":{"line":34,"column":3}},"type":"switch","locations":[{"start":{"line":9,"column":4},"end":{"line":15,"column":8}},{"start":{"line":16,"column":4},"end":{"line":23,"column":8}},{"start":{"line":24,"column":4},"end":{"line":31,"column":8}},{"start":{"line":32,"column":4},"end":{"line":33,"column":19}}],"line":8}},"s":{"0":12,"1":12,"2":37,"3":0,"4":0,"5":0,"6":1,"7":1,"8":36},"f":{"0":37},"b":{"0":[12],"1":[0,0,1,36]},"_coverageSchema":"1a1c01bbd47fc00a2c39e90264f33305004495a9","hash":"685a913a6d5eca4d14505744fbbd71f9113923b9"}
,"/Users/guymargalith/Desktop/futureproof/week13/LAP4Project/frontend/src/redux/store/store.js": {"path":"/Users/guymargalith/Desktop/futureproof/week13/LAP4Project/frontend/src/redux/store/store.js","statementMap":{"0":{"start":{"line":11,"column":29},"end":{"line":14,"column":1}},"1":{"start":{"line":12,"column":25},"end":{"line":12,"column":50}},"2":{"start":{"line":13,"column":26},"end":{"line":13,"column":52}},"3":{"start":{"line":16,"column":22},"end":{"line":20,"column":1}},"4":{"start":{"line":22,"column":25},"end":{"line":22,"column":70}},"5":{"start":{"line":24,"column":14},"end":{"line":27,"column":1}},"6":{"start":{"line":29,"column":16},"end":{"line":29,"column":35}}},"fnMap":{"0":{"name":"(anonymous_0)","decl":{"start":{"line":12,"column":2},"end":{"line":12,"column":3}},"loc":{"start":{"line":12,"column":25},"end":{"line":12,"column":50}},"line":12},"1":{"name":"(anonymous_1)","decl":{"start":{"line":13,"column":2},"end":{"line":13,"column":3}},"loc":{"start":{"line":13,"column":26},"end":{"line":13,"column":52}},"line":13}},"branchMap":{},"s":{"0":12,"1":0,"2":0,"3":12,"4":12,"5":12,"6":12},"f":{"0":0,"1":0},"b":{},"_coverageSchema":"1a1c01bbd47fc00a2c39e90264f33305004495a9","hash":"b6804a516a8fd8d4d1a557f129e60c4e8f671685"}
}
