TN:
SF:src/serverUrl.js
FNF:0
FNH:0
DA:1,8
LF:1
LH:1
BRF:0
BRH:0
end_of_record
TN:
SF:src/components/index.js
FNF:0
FNH:0
LF:0
LH:0
BRF:0
BRH:0
end_of_record
TN:
SF:src/components/CompetitionListItem/index.js
FN:10,CompetitionListItem
FN:13,(anonymous_1)
FN:14,(anonymous_2)
FN:19,(anonymous_3)
FN:50,(anonymous_4)
FNF:5
FNH:0
FNDA:0,CompetitionListItem
FNDA:0,(anonymous_1)
FNDA:0,(anonymous_2)
FNDA:0,(anonymous_3)
FNDA:0,(anonymous_4)
DA:11,0
DA:13,0
DA:14,0
DA:16,0
DA:17,0
DA:19,0
DA:20,0
DA:21,0
DA:22,0
DA:27,0
DA:35,0
DA:36,0
DA:37,0
DA:39,0
DA:43,0
DA:50,0
LF:16
LH:0
BRDA:54,0,0,0
BRDA:54,0,1,0
BRF:2
BRH:0
end_of_record
TN:
SF:src/components/LeaderboardItem/index.js
FN:4,LeaderboardItem
FN:5,(anonymous_1)
FNF:2
FNH:0
FNDA:0,LeaderboardItem
FNDA:0,(anonymous_1)
DA:5,0
DA:7,0
LF:2
LH:0
BRDA:8,0,0,0
BRDA:8,0,1,0
BRF:2
BRH:0
end_of_record
TN:
SF:src/components/NavBar/index.js
FN:19,NavBar
FN:22,(anonymous_1)
FN:102,(anonymous_2)
FNF:3
FNH:2
FNDA:11,NavBar
FNDA:11,(anonymous_1)
FNDA:0,(anonymous_2)
DA:20,11
DA:21,11
DA:22,11
DA:25,11
DA:103,0
DA:104,0
LF:6
LH:4
BRDA:74,0,0,11
BRDA:74,0,1,0
BRF:2
BRH:1
end_of_record
TN:
SF:src/pages/index.js
FNF:0
FNH:0
LF:0
LH:0
BRF:0
BRH:0
end_of_record
TN:
SF:src/pages/About/index.js
FN:5,About
FNF:1
FNH:1
FNDA:1,About
DA:6,1
LF:1
LH:1
BRF:0
BRH:0
end_of_record
TN:
SF:src/pages/CompetitionLeaderboard/index.js
FN:9,CompetitionLeaderboard
FN:22,(anonymous_1)
FN:23,(anonymous_2)
FN:29,(anonymous_3)
FN:46,(anonymous_4)
FN:71,(anonymous_5)
FN:84,(anonymous_6)
FN:89,(anonymous_7)
FN:95,(anonymous_8)
FN:102,(anonymous_9)
FN:110,(anonymous_10)
FN:120,(anonymous_11)
FN:127,(anonymous_12)
FN:216,(anonymous_13)
FNF:14
FNH:6
FNDA:4,CompetitionLeaderboard
FNDA:3,(anonymous_1)
FNDA:3,(anonymous_2)
FNDA:0,(anonymous_3)
FNDA:2,(anonymous_4)
FNDA:0,(anonymous_5)
FNDA:0,(anonymous_6)
FNDA:0,(anonymous_7)
FNDA:1,(anonymous_8)
FNDA:1,(anonymous_9)
FNDA:0,(anonymous_10)
FNDA:0,(anonymous_11)
FNDA:0,(anonymous_12)
FNDA:0,(anonymous_13)
DA:10,4
DA:11,3
DA:12,3
DA:13,3
DA:14,3
DA:18,3
DA:20,3
DA:22,3
DA:23,3
DA:25,3
DA:26,3
DA:27,3
DA:29,3
DA:31,0
DA:32,0
DA:33,0
DA:34,0
DA:35,0
DA:37,0
DA:38,0
DA:41,0
DA:42,0
DA:46,3
DA:48,2
DA:49,2
DA:54,2
DA:58,0
DA:59,0
DA:60,0
DA:62,0
DA:63,0
DA:66,2
DA:67,2
DA:71,3
DA:72,0
DA:77,0
DA:78,0
DA:79,0
DA:80,0
DA:81,0
DA:84,3
DA:85,0
DA:86,0
DA:89,3
DA:90,0
DA:91,0
DA:92,0
DA:95,3
DA:97,1
DA:99,1
DA:102,3
DA:103,1
DA:104,1
DA:105,0
DA:106,0
DA:107,0
DA:109,0
DA:110,0
DA:112,0
DA:113,0
DA:114,0
DA:119,3
DA:121,0
DA:127,3
DA:128,0
DA:129,0
DA:130,0
DA:135,0
DA:143,0
DA:144,0
DA:145,0
DA:147,0
DA:150,3
DA:216,0
LF:74
LH:31
BRDA:33,0,0,0
BRDA:33,0,1,0
BRDA:58,1,0,0
BRDA:58,1,1,0
BRDA:104,2,0,0
BRDA:104,2,1,1
BRDA:106,3,0,0
BRDA:106,3,1,0
BRDA:112,4,0,0
BRDA:112,4,1,0
BRDA:119,5,0,0
BRDA:119,5,1,3
BRDA:153,6,0,3
BRDA:153,6,1,0
BRDA:155,7,0,0
BRDA:155,7,1,0
BRDA:162,8,0,0
BRDA:162,8,1,0
BRDA:164,9,0,0
BRDA:164,9,1,0
BRDA:166,10,0,0
BRDA:166,10,1,0
BRDA:187,11,0,0
BRDA:187,11,1,0
BRDA:204,12,0,0
BRDA:204,12,1,0
BRDA:213,13,0,3
BRDA:213,13,1,3
BRF:28
BRH:5
end_of_record
TN:
SF:src/pages/CompetitionList/index.js
FN:10,CompetitionList
FN:11,(anonymous_1)
FN:19,(anonymous_2)
FN:29,(anonymous_3)
FN:37,(anonymous_4)
FN:45,(anonymous_5)
FN:62,(anonymous_6)
FNF:7
FNH:0
FNDA:0,CompetitionList
FNDA:0,(anonymous_1)
FNDA:0,(anonymous_2)
FNDA:0,(anonymous_3)
FNDA:0,(anonymous_4)
FNDA:0,(anonymous_5)
FNDA:0,(anonymous_6)
DA:11,0
DA:12,0
DA:14,0
DA:19,0
DA:20,0
DA:21,0
DA:22,0
DA:23,0
DA:25,0
DA:29,0
DA:30,0
DA:31,0
DA:33,0
DA:37,0
DA:38,0
DA:39,0
DA:42,0
DA:44,0
DA:46,0
DA:51,0
DA:62,0
LF:21
LH:0
BRDA:30,0,0,0
BRDA:30,0,1,0
BRDA:44,1,0,0
BRDA:44,1,1,0
BRDA:73,2,0,0
BRDA:73,2,1,0
BRF:6
BRH:0
end_of_record
TN:
SF:src/pages/CreateCompetition/index.js
FN:10,CreateCompetition
FN:19,(anonymous_1)
FN:22,(anonymous_2)
FNF:3
FNH:2
FNDA:1,CreateCompetition
FNDA:1,(anonymous_1)
FNDA:0,(anonymous_2)
DA:11,1
DA:15,1
DA:19,1
DA:20,1
DA:22,1
DA:23,0
DA:24,0
DA:25,0
DA:26,0
DA:27,0
DA:28,0
DA:29,0
DA:30,0
DA:39,0
DA:40,0
DA:41,0
DA:43,0
DA:47,1
LF:18
LH:6
BRF:0
BRH:0
end_of_record
TN:
SF:src/pages/EditProfile/index.js
FN:8,EditProfile
FN:9,(anonymous_1)
FN:12,(anonymous_2)
FNF:3
FNH:0
FNDA:0,EditProfile
FNDA:0,(anonymous_1)
FNDA:0,(anonymous_2)
DA:9,0
DA:11,0
DA:12,0
DA:13,0
DA:15,0
DA:17,0
DA:18,0
DA:20,0
DA:21,0
DA:29,0
DA:30,0
DA:32,0
DA:34,0
DA:41,0
LF:14
LH:0
BRDA:17,0,0,0
BRDA:17,0,1,0
BRF:2
BRH:0
end_of_record
TN:
SF:src/pages/Home/index.js
FN:6,Home
FN:20,(anonymous_1)
FN:29,(anonymous_2)
FNF:3
FNH:1
FNDA:2,Home
FNDA:0,(anonymous_1)
FNDA:0,(anonymous_2)
DA:7,2
DA:9,1
DA:20,0
DA:29,0
LF:4
LH:2
BRF:0
BRH:0
end_of_record
TN:
SF:src/pages/Login/index.js
FN:10,Login
FN:40,(anonymous_1)
FN:90,(anonymous_2)
FNF:3
FNH:1
FNDA:2,Login
FNDA:0,(anonymous_1)
FNDA:0,(anonymous_2)
DA:11,2
DA:12,1
DA:13,1
DA:14,1
DA:40,1
DA:41,0
DA:42,0
DA:43,0
DA:44,0
DA:48,0
DA:53,0
DA:54,0
DA:55,0
DA:57,0
DA:58,0
DA:63,0
DA:68,0
DA:72,1
DA:90,0
LF:19
LH:6
BRDA:57,0,0,0
BRDA:57,0,1,0
BRF:2
BRH:0
end_of_record
TN:
SF:src/pages/Profile/index.js
FN:10,Profile
FN:11,(anonymous_1)
FNF:2
FNH:2
FNDA:1,Profile
FNDA:1,(anonymous_1)
DA:11,1
DA:12,1
DA:28,1
LF:3
LH:3
BRF:0
BRH:0
end_of_record
TN:
SF:src/pages/Register/index.js
FN:10,Register
FN:16,(anonymous_1)
FN:85,(anonymous_2)
FNF:3
FNH:1
FNDA:2,Register
FNDA:0,(anonymous_1)
FNDA:0,(anonymous_2)
DA:11,2
DA:13,2
DA:14,2
DA:16,2
DA:17,0
DA:19,0
DA:20,0
DA:22,0
DA:23,0
DA:29,0
DA:35,0
DA:36,0
DA:37,0
DA:43,0
DA:44,0
DA:48,0
DA:50,0
DA:55,0
DA:59,2
DA:85,0
LF:20
LH:5
BRDA:19,0,0,0
BRDA:19,0,1,0
BRDA:43,1,0,0
BRDA:43,1,1,0
BRDA:75,2,0,2
BRDA:75,2,1,0
BRF:6
BRH:1
end_of_record
TN:
SF:src/redux/actions/action.js
FN:4,(anonymous_0)
FN:5,(anonymous_1)
FN:26,(anonymous_2)
FN:27,(anonymous_3)
FN:57,(anonymous_4)
FNF:5
FNH:0
FNDA:0,(anonymous_0)
FNDA:0,(anonymous_1)
FNDA:0,(anonymous_2)
FNDA:0,(anonymous_3)
FNDA:0,(anonymous_4)
DA:4,8
DA:5,0
DA:6,0
DA:10,0
DA:15,0
DA:16,0
DA:26,8
DA:27,0
DA:28,0
DA:29,0
DA:35,0
DA:36,0
DA:39,0
DA:40,0
DA:45,0
DA:48,0
DA:49,0
DA:57,8
DA:58,0
DA:59,0
LF:20
LH:3
BRDA:39,0,0,0
BRDA:39,0,1,0
BRF:2
BRH:0
end_of_record
TN:
SF:src/redux/reducers/loggingReducer.js
FN:7,(anonymous_0)
FNF:1
FNH:1
FNDA:8,(anonymous_0)
DA:1,8
DA:7,8
DA:8,8
DA:10,0
DA:17,0
DA:18,0
DA:25,0
DA:26,0
DA:33,8
LF:9
LH:4
BRDA:7,0,0,8
BRDA:8,1,0,0
BRDA:8,1,1,0
BRDA:8,1,2,0
BRDA:8,1,3,8
BRF:5
BRH:2
end_of_record
TN:
SF:src/redux/store/store.js
FNF:0
FNH:0
DA:7,8
LF:1
LH:1
BRF:0
BRH:0
end_of_record
