TN:
SF:src/serverUrl.js
FNF:0
FNH:0
DA:1,11
LF:1
LH:1
BRF:0
BRH:0
end_of_record
TN:
SF:src/components/index.js
FNF:0
FNH:0
LF:0
LH:0
BRF:0
BRH:0
end_of_record
TN:
SF:src/components/CompetitionListItem/index.js
FN:10,CompetitionListItem
FN:13,(anonymous_1)
FN:14,(anonymous_2)
FN:19,(anonymous_3)
FN:50,(anonymous_4)
FNF:5
FNH:3
FNDA:2,CompetitionListItem
FNDA:2,(anonymous_1)
FNDA:2,(anonymous_2)
FNDA:0,(anonymous_3)
FNDA:0,(anonymous_4)
DA:11,2
DA:13,2
DA:14,2
DA:16,2
DA:17,2
DA:19,2
DA:20,0
DA:21,0
DA:22,0
DA:27,0
DA:35,0
DA:36,0
DA:37,0
DA:39,0
DA:43,2
DA:50,0
LF:16
LH:7
BRDA:54,0,0,2
BRDA:54,0,1,0
BRF:2
BRH:1
end_of_record
TN:
SF:src/components/LeaderboardItem/index.js
FN:4,LeaderboardItem
FN:5,(anonymous_1)
FNF:2
FNH:2
FNDA:1,LeaderboardItem
FNDA:1,(anonymous_1)
DA:5,1
DA:7,1
LF:2
LH:2
BRDA:8,0,0,0
BRDA:8,0,1,1
BRF:2
BRH:1
end_of_record
TN:
SF:src/components/NavBar/index.js
FN:19,NavBar
FN:22,(anonymous_1)
FN:102,(anonymous_2)
FNF:3
FNH:2
FNDA:15,NavBar
FNDA:16,(anonymous_1)
FNDA:0,(anonymous_2)
DA:20,15
DA:21,15
DA:22,16
DA:25,15
DA:103,0
DA:104,0
LF:6
LH:4
BRDA:74,0,0,15
BRDA:74,0,1,0
BRF:2
BRH:1
end_of_record
TN:
SF:src/pages/index.js
FNF:0
FNH:0
LF:0
LH:0
BRF:0
BRH:0
end_of_record
TN:
SF:src/pages/About/index.js
FN:5,About
FNF:1
FNH:1
FNDA:1,About
DA:6,1
LF:1
LH:1
BRF:0
BRH:0
end_of_record
TN:
SF:src/pages/CompetitionLeaderboard/index.js
FN:9,CompetitionLeaderboard
FN:22,(anonymous_1)
FN:23,(anonymous_2)
FN:29,(anonymous_3)
FN:46,(anonymous_4)
FN:71,(anonymous_5)
FN:84,(anonymous_6)
FN:89,(anonymous_7)
FN:95,(anonymous_8)
FN:102,(anonymous_9)
FN:110,(anonymous_10)
FN:120,(anonymous_11)
FN:127,(anonymous_12)
FN:216,(anonymous_13)
FNF:14
FNH:6
FNDA:5,CompetitionLeaderboard
FNDA:4,(anonymous_1)
FNDA:4,(anonymous_2)
FNDA:0,(anonymous_3)
FNDA:2,(anonymous_4)
FNDA:0,(anonymous_5)
FNDA:0,(anonymous_6)
FNDA:0,(anonymous_7)
FNDA:1,(anonymous_8)
FNDA:1,(anonymous_9)
FNDA:0,(anonymous_10)
FNDA:0,(anonymous_11)
FNDA:0,(anonymous_12)
FNDA:0,(anonymous_13)
DA:10,5
DA:11,4
DA:12,4
DA:13,4
DA:14,4
DA:18,4
DA:20,4
DA:22,4
DA:23,4
DA:25,4
DA:26,4
DA:27,4
DA:29,4
DA:31,0
DA:32,0
DA:33,0
DA:34,0
DA:35,0
DA:37,0
DA:38,0
DA:41,0
DA:42,0
DA:46,4
DA:48,2
DA:49,2
DA:54,2
DA:58,2
DA:59,2
DA:60,2
DA:62,0
DA:63,0
DA:66,0
DA:67,0
DA:71,4
DA:72,0
DA:77,0
DA:78,0
DA:79,0
DA:80,0
DA:81,0
DA:84,4
DA:85,0
DA:86,0
DA:89,4
DA:90,0
DA:91,0
DA:92,0
DA:95,4
DA:97,1
DA:99,1
DA:102,4
DA:103,1
DA:104,1
DA:105,0
DA:106,0
DA:107,0
DA:109,0
DA:110,0
DA:112,0
DA:113,0
DA:114,0
DA:119,4
DA:121,0
DA:127,4
DA:128,0
DA:129,0
DA:130,0
DA:135,0
DA:143,0
DA:144,0
DA:145,0
DA:147,0
DA:150,4
DA:216,0
LF:74
LH:32
BRDA:33,0,0,0
BRDA:33,0,1,0
BRDA:58,1,0,2
BRDA:58,1,1,0
BRDA:104,2,0,0
BRDA:104,2,1,1
BRDA:106,3,0,0
BRDA:106,3,1,0
BRDA:112,4,0,0
BRDA:112,4,1,0
BRDA:119,5,0,0
BRDA:119,5,1,4
BRDA:153,6,0,4
BRDA:153,6,1,0
BRDA:155,7,0,0
BRDA:155,7,1,0
BRDA:162,8,0,0
BRDA:162,8,1,0
BRDA:164,9,0,0
BRDA:164,9,1,0
BRDA:166,10,0,0
BRDA:166,10,1,0
BRDA:187,11,0,0
BRDA:187,11,1,0
BRDA:204,12,0,0
BRDA:204,12,1,0
BRDA:213,13,0,4
BRDA:213,13,1,4
BRF:28
BRH:6
end_of_record
TN:
SF:src/pages/CompetitionList/index.js
FN:10,CompetitionList
FN:11,(anonymous_1)
FN:19,(anonymous_2)
FN:29,(anonymous_3)
FN:37,(anonymous_4)
FN:45,(anonymous_5)
FN:62,(anonymous_6)
FNF:7
FNH:5
FNDA:3,CompetitionList
FNDA:2,(anonymous_1)
FNDA:1,(anonymous_2)
FNDA:0,(anonymous_3)
FNDA:1,(anonymous_4)
FNDA:1,(anonymous_5)
FNDA:0,(anonymous_6)
DA:11,3
DA:12,2
DA:14,2
DA:19,2
DA:20,1
DA:21,1
DA:22,1
DA:23,1
DA:25,0
DA:29,2
DA:30,0
DA:31,0
DA:33,0
DA:37,2
DA:38,1
DA:39,1
DA:42,2
DA:44,2
DA:46,1
DA:51,2
DA:62,0
LF:21
LH:16
BRDA:30,0,0,0
BRDA:30,0,1,0
BRDA:44,1,0,1
BRDA:44,1,1,1
BRDA:73,2,0,1
BRDA:73,2,1,1
BRF:6
BRH:4
end_of_record
TN:
SF:src/pages/CreateCompetition/index.js
FN:10,CreateCompetition
FN:19,(anonymous_1)
FN:22,(anonymous_2)
FNF:3
FNH:2
FNDA:1,CreateCompetition
FNDA:1,(anonymous_1)
FNDA:0,(anonymous_2)
DA:11,1
DA:15,1
DA:19,1
DA:20,1
DA:22,1
DA:23,0
DA:24,0
DA:25,0
DA:26,0
DA:27,0
DA:28,0
DA:29,0
DA:30,0
DA:39,0
DA:40,0
DA:41,0
DA:43,0
DA:47,1
LF:18
LH:6
BRF:0
BRH:0
end_of_record
TN:
SF:src/pages/EditProfile/index.js
FN:8,EditProfile
FN:9,(anonymous_1)
FN:12,(anonymous_2)
FNF:3
FNH:2
FNDA:1,EditProfile
FNDA:1,(anonymous_1)
FNDA:0,(anonymous_2)
DA:9,1
DA:11,1
DA:12,1
DA:13,0
DA:15,0
DA:17,0
DA:18,0
DA:20,0
DA:21,0
DA:29,0
DA:30,0
DA:32,0
DA:34,0
DA:41,1
LF:14
LH:4
BRDA:17,0,0,0
BRDA:17,0,1,0
BRF:2
BRH:0
end_of_record
TN:
SF:src/pages/Home/index.js
FN:6,Home
FN:20,(anonymous_1)
FN:29,(anonymous_2)
FNF:3
FNH:1
FNDA:2,Home
FNDA:0,(anonymous_1)
FNDA:0,(anonymous_2)
DA:7,2
DA:9,1
DA:20,0
DA:29,0
LF:4
LH:2
BRF:0
BRH:0
end_of_record
TN:
SF:src/pages/Login/index.js
FN:10,Login
FN:40,(anonymous_1)
FN:90,(anonymous_2)
FNF:3
FNH:2
FNDA:3,Login
FNDA:1,(anonymous_1)
FNDA:0,(anonymous_2)
DA:11,3
DA:12,2
DA:13,2
DA:14,2
DA:40,2
DA:41,1
DA:42,1
DA:43,1
DA:44,1
DA:48,1
DA:53,1
DA:54,1
DA:55,1
DA:57,1
DA:58,1
DA:63,0
DA:68,0
DA:72,2
DA:90,0
LF:19
LH:16
BRDA:57,0,0,1
BRDA:57,0,1,0
BRF:2
BRH:1
end_of_record
TN:
SF:src/pages/Profile/index.js
FN:10,Profile
FN:11,(anonymous_1)
FNF:2
FNH:2
FNDA:1,Profile
FNDA:1,(anonymous_1)
DA:11,1
DA:12,1
DA:28,1
LF:3
LH:3
BRF:0
BRH:0
end_of_record
TN:
SF:src/pages/Register/index.js
FN:10,Register
FN:16,(anonymous_1)
FN:87,(anonymous_2)
FNF:3
FNH:2
FNDA:2,Register
FNDA:1,(anonymous_1)
FNDA:0,(anonymous_2)
DA:11,2
DA:13,2
DA:14,2
DA:16,2
DA:17,1
DA:19,1
DA:20,0
DA:22,1
DA:23,1
DA:29,0
DA:35,0
DA:36,0
DA:37,0
DA:43,0
DA:44,0
DA:48,0
DA:50,0
DA:55,1
DA:59,2
DA:87,0
LF:20
LH:10
BRDA:19,0,0,0
BRDA:19,0,1,1
BRDA:43,1,0,0
BRDA:43,1,1,0
BRDA:75,2,0,2
BRDA:75,2,1,0
BRF:6
BRH:2
end_of_record
TN:
SF:src/redux/actions/action.js
FN:4,(anonymous_0)
FN:5,(anonymous_1)
FN:26,(anonymous_2)
FN:27,(anonymous_3)
FN:57,(anonymous_4)
FNF:5
FNH:0
FNDA:0,(anonymous_0)
FNDA:0,(anonymous_1)
FNDA:0,(anonymous_2)
FNDA:0,(anonymous_3)
FNDA:0,(anonymous_4)
DA:4,10
DA:5,0
DA:6,0
DA:10,0
DA:15,0
DA:16,0
DA:26,10
DA:27,0
DA:28,0
DA:29,0
DA:35,0
DA:36,0
DA:39,0
DA:40,0
DA:45,0
DA:48,0
DA:49,0
DA:57,10
DA:58,0
DA:59,0
LF:20
LH:3
BRDA:39,0,0,0
BRDA:39,0,1,0
BRF:2
BRH:0
end_of_record
TN:
SF:src/redux/reducers/loggingReducer.js
FN:7,(anonymous_0)
FNF:1
FNH:1
FNDA:13,(anonymous_0)
DA:1,12
DA:7,12
DA:8,13
DA:10,0
DA:17,0
DA:18,0
DA:25,1
DA:26,1
DA:33,12
LF:9
LH:6
BRDA:7,0,0,12
BRDA:8,1,0,0
BRDA:8,1,1,0
BRDA:8,1,2,1
BRDA:8,1,3,12
BRF:5
BRH:3
end_of_record
TN:
SF:src/redux/store/store.js
FNF:0
FNH:0
DA:7,12
LF:1
LH:1
BRF:0
BRH:0
end_of_record
